{"/home/ankit/Desktop/backend/spec/test_s2ic_getspec.js":{"path":"/home/ankit/Desktop/backend/spec/test_s2ic_getspec.js","s":{},"b":{},"f":{},"fnMap":{},"statementMap":{},"branchMap":{}},"/home/ankit/Desktop/backend/spec/test_s2ic_putspec.js":{"path":"/home/ankit/Desktop/backend/spec/test_s2ic_putspec.js","s":{"1":1,"2":1,"3":1,"4":1,"5":10,"6":1,"7":10,"8":1,"9":10,"10":1,"11":30,"12":1,"13":40,"14":1,"15":10,"16":1,"17":1,"18":10,"19":1,"20":20,"21":1,"22":10,"23":1,"24":10,"25":1,"26":40,"27":1,"28":10,"29":1,"30":20,"31":1,"32":30,"33":1,"34":1,"35":1,"36":1,"37":1,"38":1,"39":1,"40":1,"41":1,"42":1,"43":1,"44":1,"45":1,"46":1,"47":10,"48":10,"49":10,"50":10,"51":10,"52":0,"53":10,"54":1,"55":10,"56":10,"57":10,"58":10,"59":6,"60":6,"61":6,"62":4,"63":4,"64":4,"65":1,"66":10,"67":10,"68":10,"69":10,"70":0,"71":10,"72":10,"73":1,"74":10,"75":10,"76":10,"77":10,"78":0,"79":10,"80":10,"81":1,"82":10,"83":10,"84":10,"85":10,"86":0,"87":10,"88":10,"89":1,"90":10,"91":10,"92":10,"93":10,"94":10,"95":10,"96":10,"97":10,"98":10,"99":10,"100":10,"101":10,"102":10,"103":10,"104":10,"105":10,"106":10,"107":10,"108":10,"109":10,"110":10,"111":10,"112":10,"113":10,"114":10,"115":10,"116":10,"117":10,"118":10,"119":10,"120":10,"121":10,"122":10,"123":10,"124":10,"125":10,"126":10,"127":10,"128":10,"129":10,"130":10,"131":10,"132":10,"133":10,"134":10,"135":10,"136":10},"b":{"1":[0,10],"2":[6,4],"3":[0,10],"4":[0,10],"5":[0,10]},"f":{"1":1,"2":10,"3":10,"4":10,"5":30,"6":40,"7":10,"8":10,"9":20,"10":10,"11":10,"12":40,"13":10,"14":20,"15":30,"16":10,"17":10,"18":10,"19":10,"20":10,"21":10,"22":10,"23":10,"24":10,"25":10,"26":10,"27":10,"28":10,"29":10},"fnMap":{"1":{"name":"(anonymous_1)","line":5,"loc":{"start":{"line":5,"column":30},"end":{"line":5,"column":40}}},"2":{"name":"random_required_skills","line":8,"loc":{"start":{"line":8,"column":0},"end":{"line":8,"column":49}}},"3":{"name":"random_posting_type","line":11,"loc":{"start":{"line":11,"column":0},"end":{"line":11,"column":43}}},"4":{"name":"random_business_type","line":14,"loc":{"start":{"line":14,"column":0},"end":{"line":14,"column":45}}},"5":{"name":"random_title","line":17,"loc":{"start":{"line":17,"column":0},"end":{"line":17,"column":29}}},"6":{"name":"random_address","line":20,"loc":{"start":{"line":20,"column":0},"end":{"line":20,"column":33}}},"7":{"name":"random_students","line":23,"loc":{"start":{"line":23,"column":0},"end":{"line":23,"column":35}}},"8":{"name":"random_skills","line":27,"loc":{"start":{"line":27,"column":0},"end":{"line":27,"column":31}}},"9":{"name":"random_qualification","line":30,"loc":{"start":{"line":30,"column":0},"end":{"line":30,"column":45}}},"10":{"name":"random_gpa","line":33,"loc":{"start":{"line":33,"column":0},"end":{"line":33,"column":22}}},"11":{"name":"random_project","line":36,"loc":{"start":{"line":36,"column":0},"end":{"line":36,"column":26}}},"12":{"name":"random_location","line":39,"loc":{"start":{"line":39,"column":0},"end":{"line":39,"column":35}}},"13":{"name":"random_type","line":42,"loc":{"start":{"line":42,"column":0},"end":{"line":42,"column":27}}},"14":{"name":"random_name","line":45,"loc":{"start":{"line":45,"column":0},"end":{"line":45,"column":27}}},"15":{"name":"random_description","line":48,"loc":{"start":{"line":48,"column":0},"end":{"line":48,"column":41}}},"16":{"name":"writedata","line":95,"loc":{"start":{"line":95,"column":0},"end":{"line":95,"column":24}}},"17":{"name":"(anonymous_17)","line":100,"loc":{"start":{"line":100,"column":45},"end":{"line":100,"column":60}}},"18":{"name":"test_student","line":105,"loc":{"start":{"line":105,"column":0},"end":{"line":105,"column":27}}},"19":{"name":"(anonymous_19)","line":107,"loc":{"start":{"line":107,"column":37},"end":{"line":107,"column":52}}},"20":{"name":"(anonymous_20)","line":118,"loc":{"start":{"line":118,"column":20},"end":{"line":118,"column":49}}},"21":{"name":"test_institute","line":135,"loc":{"start":{"line":135,"column":0},"end":{"line":135,"column":30}}},"22":{"name":"(anonymous_22)","line":137,"loc":{"start":{"line":137,"column":39},"end":{"line":137,"column":54}}},"23":{"name":"(anonymous_23)","line":148,"loc":{"start":{"line":148,"column":20},"end":{"line":148,"column":44}}},"24":{"name":"test_enterprise","line":158,"loc":{"start":{"line":158,"column":0},"end":{"line":158,"column":33}}},"25":{"name":"(anonymous_25)","line":160,"loc":{"start":{"line":160,"column":40},"end":{"line":160,"column":55}}},"26":{"name":"(anonymous_26)","line":171,"loc":{"start":{"line":171,"column":20},"end":{"line":171,"column":44}}},"27":{"name":"test_posting","line":181,"loc":{"start":{"line":181,"column":0},"end":{"line":181,"column":28}}},"28":{"name":"(anonymous_28)","line":183,"loc":{"start":{"line":183,"column":37},"end":{"line":183,"column":52}}},"29":{"name":"(anonymous_29)","line":194,"loc":{"start":{"line":194,"column":20},"end":{"line":194,"column":44}}}},"statementMap":{"1":{"start":{"line":1,"column":0},"end":{"line":1,"column":33}},"2":{"start":{"line":2,"column":0},"end":{"line":2,"column":23}},"3":{"start":{"line":5,"column":0},"end":{"line":277,"column":3}},"4":{"start":{"line":8,"column":0},"end":{"line":10,"column":1}},"5":{"start":{"line":9,"column":4},"end":{"line":9,"column":79}},"6":{"start":{"line":11,"column":0},"end":{"line":13,"column":1}},"7":{"start":{"line":12,"column":4},"end":{"line":12,"column":73}},"8":{"start":{"line":14,"column":0},"end":{"line":16,"column":1}},"9":{"start":{"line":15,"column":4},"end":{"line":15,"column":75}},"10":{"start":{"line":17,"column":0},"end":{"line":19,"column":1}},"11":{"start":{"line":18,"column":4},"end":{"line":18,"column":59}},"12":{"start":{"line":20,"column":0},"end":{"line":22,"column":1}},"13":{"start":{"line":21,"column":2},"end":{"line":21,"column":61}},"14":{"start":{"line":23,"column":0},"end":{"line":25,"column":1}},"15":{"start":{"line":24,"column":2},"end":{"line":24,"column":63}},"16":{"start":{"line":26,"column":0},"end":{"line":26,"column":209}},"17":{"start":{"line":27,"column":0},"end":{"line":29,"column":1}},"18":{"start":{"line":28,"column":2},"end":{"line":28,"column":59}},"19":{"start":{"line":30,"column":0},"end":{"line":32,"column":1}},"20":{"start":{"line":31,"column":2},"end":{"line":31,"column":73}},"21":{"start":{"line":33,"column":0},"end":{"line":35,"column":1}},"22":{"start":{"line":34,"column":2},"end":{"line":34,"column":53}},"23":{"start":{"line":36,"column":0},"end":{"line":38,"column":1}},"24":{"start":{"line":37,"column":2},"end":{"line":37,"column":61}},"25":{"start":{"line":39,"column":0},"end":{"line":41,"column":1}},"26":{"start":{"line":40,"column":2},"end":{"line":40,"column":63}},"27":{"start":{"line":42,"column":0},"end":{"line":44,"column":1}},"28":{"start":{"line":43,"column":2},"end":{"line":43,"column":55}},"29":{"start":{"line":45,"column":0},"end":{"line":47,"column":1}},"30":{"start":{"line":46,"column":4},"end":{"line":46,"column":57}},"31":{"start":{"line":48,"column":0},"end":{"line":50,"column":1}},"32":{"start":{"line":49,"column":4},"end":{"line":49,"column":71}},"33":{"start":{"line":52,"column":0},"end":{"line":52,"column":442}},"34":{"start":{"line":53,"column":0},"end":{"line":53,"column":103}},"35":{"start":{"line":54,"column":0},"end":{"line":54,"column":101}},"36":{"start":{"line":55,"column":0},"end":{"line":55,"column":148}},"37":{"start":{"line":56,"column":0},"end":{"line":56,"column":142}},"38":{"start":{"line":57,"column":0},"end":{"line":57,"column":154}},"39":{"start":{"line":58,"column":0},"end":{"line":58,"column":138}},"40":{"start":{"line":59,"column":0},"end":{"line":59,"column":306}},"41":{"start":{"line":60,"column":0},"end":{"line":60,"column":197}},"42":{"start":{"line":61,"column":0},"end":{"line":61,"column":232}},"43":{"start":{"line":62,"column":0},"end":{"line":62,"column":345}},"44":{"start":{"line":63,"column":0},"end":{"line":63,"column":74}},"45":{"start":{"line":64,"column":0},"end":{"line":93,"column":2}},"46":{"start":{"line":95,"column":0},"end":{"line":104,"column":1}},"47":{"start":{"line":96,"column":4},"end":{"line":96,"column":25}},"48":{"start":{"line":97,"column":4},"end":{"line":97,"column":30}},"49":{"start":{"line":98,"column":4},"end":{"line":98,"column":22}},"50":{"start":{"line":100,"column":4},"end":{"line":103,"column":7}},"51":{"start":{"line":101,"column":8},"end":{"line":101,"column":27}},"52":{"start":{"line":101,"column":17},"end":{"line":101,"column":27}},"53":{"start":{"line":102,"column":8},"end":{"line":102,"column":30}},"54":{"start":{"line":105,"column":0},"end":{"line":134,"column":1}},"55":{"start":{"line":107,"column":0},"end":{"line":133,"column":3}},"56":{"start":{"line":109,"column":4},"end":{"line":117,"column":6}},"57":{"start":{"line":118,"column":4},"end":{"line":132,"column":7}},"58":{"start":{"line":119,"column":8},"end":{"line":131,"column":9}},"59":{"start":{"line":121,"column":12},"end":{"line":121,"column":36}},"60":{"start":{"line":122,"column":12},"end":{"line":122,"column":50}},"61":{"start":{"line":123,"column":12},"end":{"line":123,"column":19}},"62":{"start":{"line":128,"column":12},"end":{"line":128,"column":36}},"63":{"start":{"line":129,"column":12},"end":{"line":129,"column":50}},"64":{"start":{"line":130,"column":12},"end":{"line":130,"column":19}},"65":{"start":{"line":135,"column":0},"end":{"line":157,"column":1}},"66":{"start":{"line":137,"column":0},"end":{"line":156,"column":3}},"67":{"start":{"line":139,"column":4},"end":{"line":147,"column":6}},"68":{"start":{"line":148,"column":4},"end":{"line":155,"column":7}},"69":{"start":{"line":149,"column":8},"end":{"line":151,"column":9}},"70":{"start":{"line":150,"column":12},"end":{"line":150,"column":31}},"71":{"start":{"line":153,"column":8},"end":{"line":153,"column":46}},"72":{"start":{"line":154,"column":8},"end":{"line":154,"column":15}},"73":{"start":{"line":158,"column":0},"end":{"line":180,"column":1}},"74":{"start":{"line":160,"column":0},"end":{"line":179,"column":3}},"75":{"start":{"line":162,"column":4},"end":{"line":170,"column":6}},"76":{"start":{"line":171,"column":4},"end":{"line":178,"column":7}},"77":{"start":{"line":172,"column":8},"end":{"line":174,"column":9}},"78":{"start":{"line":173,"column":12},"end":{"line":173,"column":31}},"79":{"start":{"line":176,"column":8},"end":{"line":176,"column":46}},"80":{"start":{"line":177,"column":8},"end":{"line":177,"column":15}},"81":{"start":{"line":181,"column":0},"end":{"line":203,"column":1}},"82":{"start":{"line":183,"column":0},"end":{"line":202,"column":3}},"83":{"start":{"line":185,"column":4},"end":{"line":193,"column":6}},"84":{"start":{"line":194,"column":4},"end":{"line":201,"column":7}},"85":{"start":{"line":195,"column":8},"end":{"line":197,"column":9}},"86":{"start":{"line":196,"column":12},"end":{"line":196,"column":31}},"87":{"start":{"line":199,"column":8},"end":{"line":199,"column":46}},"88":{"start":{"line":200,"column":8},"end":{"line":200,"column":15}},"89":{"start":{"line":206,"column":0},"end":{"line":275,"column":1}},"90":{"start":{"line":207,"column":4},"end":{"line":207,"column":43}},"91":{"start":{"line":210,"column":4},"end":{"line":210,"column":17}},"92":{"start":{"line":211,"column":4},"end":{"line":211,"column":39}},"93":{"start":{"line":213,"column":4},"end":{"line":213,"column":64}},"94":{"start":{"line":215,"column":4},"end":{"line":215,"column":80}},"95":{"start":{"line":216,"column":4},"end":{"line":216,"column":56}},"96":{"start":{"line":217,"column":4},"end":{"line":217,"column":52}},"97":{"start":{"line":218,"column":4},"end":{"line":218,"column":37}},"98":{"start":{"line":219,"column":4},"end":{"line":219,"column":66}},"99":{"start":{"line":220,"column":4},"end":{"line":220,"column":56}},"100":{"start":{"line":221,"column":4},"end":{"line":221,"column":70}},"101":{"start":{"line":222,"column":4},"end":{"line":222,"column":61}},"102":{"start":{"line":223,"column":4},"end":{"line":223,"column":68}},"103":{"start":{"line":224,"column":4},"end":{"line":224,"column":60}},"104":{"start":{"line":225,"column":4},"end":{"line":225,"column":62}},"105":{"start":{"line":226,"column":4},"end":{"line":226,"column":44}},"106":{"start":{"line":227,"column":4},"end":{"line":227,"column":73}},"107":{"start":{"line":228,"column":4},"end":{"line":228,"column":71}},"108":{"start":{"line":231,"column":4},"end":{"line":231,"column":22}},"109":{"start":{"line":234,"column":4},"end":{"line":234,"column":18}},"110":{"start":{"line":235,"column":4},"end":{"line":235,"column":57}},"111":{"start":{"line":236,"column":4},"end":{"line":236,"column":45}},"112":{"start":{"line":237,"column":4},"end":{"line":237,"column":73}},"113":{"start":{"line":238,"column":4},"end":{"line":238,"column":57}},"114":{"start":{"line":239,"column":4},"end":{"line":239,"column":61}},"115":{"start":{"line":242,"column":4},"end":{"line":242,"column":25}},"116":{"start":{"line":245,"column":4},"end":{"line":245,"column":20}},"117":{"start":{"line":247,"column":4},"end":{"line":247,"column":51}},"118":{"start":{"line":248,"column":4},"end":{"line":248,"column":75}},"119":{"start":{"line":249,"column":4},"end":{"line":249,"column":59}},"120":{"start":{"line":250,"column":4},"end":{"line":250,"column":83}},"121":{"start":{"line":251,"column":4},"end":{"line":251,"column":63}},"122":{"start":{"line":253,"column":4},"end":{"line":253,"column":28}},"123":{"start":{"line":256,"column":4},"end":{"line":256,"column":18}},"124":{"start":{"line":257,"column":4},"end":{"line":257,"column":39}},"125":{"start":{"line":259,"column":4},"end":{"line":259,"column":59}},"126":{"start":{"line":261,"column":4},"end":{"line":261,"column":49}},"127":{"start":{"line":262,"column":4},"end":{"line":262,"column":73}},"128":{"start":{"line":263,"column":4},"end":{"line":263,"column":71}},"129":{"start":{"line":264,"column":4},"end":{"line":264,"column":69}},"130":{"start":{"line":265,"column":4},"end":{"line":265,"column":89}},"131":{"start":{"line":266,"column":4},"end":{"line":266,"column":77}},"132":{"start":{"line":267,"column":4},"end":{"line":267,"column":81}},"133":{"start":{"line":268,"column":4},"end":{"line":268,"column":57}},"134":{"start":{"line":269,"column":4},"end":{"line":269,"column":61}},"135":{"start":{"line":270,"column":4},"end":{"line":270,"column":66}},"136":{"start":{"line":273,"column":4},"end":{"line":273,"column":23}}},"branchMap":{"1":{"line":101,"type":"if","locations":[{"start":{"line":101,"column":8},"end":{"line":101,"column":8}},{"start":{"line":101,"column":8},"end":{"line":101,"column":8}}]},"2":{"line":119,"type":"if","locations":[{"start":{"line":119,"column":8},"end":{"line":119,"column":8}},{"start":{"line":119,"column":8},"end":{"line":119,"column":8}}]},"3":{"line":149,"type":"if","locations":[{"start":{"line":149,"column":8},"end":{"line":149,"column":8}},{"start":{"line":149,"column":8},"end":{"line":149,"column":8}}]},"4":{"line":172,"type":"if","locations":[{"start":{"line":172,"column":8},"end":{"line":172,"column":8}},{"start":{"line":172,"column":8},"end":{"line":172,"column":8}}]},"5":{"line":195,"type":"if","locations":[{"start":{"line":195,"column":8},"end":{"line":195,"column":8}},{"start":{"line":195,"column":8},"end":{"line":195,"column":8}}]}}},"/home/ankit/Desktop/backend/spec/testspec.js":{"path":"/home/ankit/Desktop/backend/spec/testspec.js","s":{},"b":{},"f":{},"fnMap":{},"statementMap":{},"branchMap":{}},"/home/ankit/Desktop/backend/app.js":{"path":"/home/ankit/Desktop/backend/app.js","s":{"1":0,"2":0,"3":0,"4":0,"5":0,"6":0,"7":0,"8":0,"9":0,"10":0,"11":0,"12":0,"13":0,"14":0,"15":0,"16":0,"17":0,"18":0,"19":0,"20":0,"21":0,"22":0,"23":0,"24":0,"25":0,"26":0,"27":0,"28":0,"29":0,"30":0,"31":0,"32":0,"33":0,"34":0},"b":{"1":[0,0],"2":[0,0]},"f":{"1":0},"fnMap":{"1":{"name":"ignoreFavicon","line":50,"loc":{"start":{"line":50,"column":0},"end":{"line":50,"column":39}}}},"statementMap":{"1":{"start":{"line":1,"column":0},"end":{"line":1,"column":35}},"2":{"start":{"line":2,"column":0},"end":{"line":2,"column":22}},"3":{"start":{"line":3,"column":0},"end":{"line":3,"column":33}},"4":{"start":{"line":4,"column":0},"end":{"line":4,"column":42}},"5":{"start":{"line":5,"column":0},"end":{"line":5,"column":48}},"6":{"start":{"line":6,"column":0},"end":{"line":6,"column":62}},"7":{"start":{"line":9,"column":0},"end":{"line":9,"column":59}},"8":{"start":{"line":10,"column":0},"end":{"line":10,"column":74}},"9":{"start":{"line":11,"column":0},"end":{"line":11,"column":80}},"10":{"start":{"line":12,"column":0},"end":{"line":12,"column":77}},"11":{"start":{"line":13,"column":0},"end":{"line":13,"column":73}},"12":{"start":{"line":17,"column":0},"end":{"line":19,"column":4}},"13":{"start":{"line":20,"column":0},"end":{"line":20,"column":81}},"14":{"start":{"line":23,"column":0},"end":{"line":23,"column":23}},"15":{"start":{"line":24,"column":0},"end":{"line":24,"column":50}},"16":{"start":{"line":25,"column":0},"end":{"line":25,"column":27}},"17":{"start":{"line":41,"column":0},"end":{"line":41,"column":31}},"18":{"start":{"line":42,"column":0},"end":{"line":42,"column":37}},"19":{"start":{"line":43,"column":0},"end":{"line":43,"column":43}},"20":{"start":{"line":44,"column":0},"end":{"line":44,"column":40}},"21":{"start":{"line":45,"column":0},"end":{"line":45,"column":36}},"22":{"start":{"line":50,"column":0},"end":{"line":56,"column":1}},"23":{"start":{"line":51,"column":4},"end":{"line":55,"column":5}},"24":{"start":{"line":52,"column":8},"end":{"line":52,"column":43}},"25":{"start":{"line":54,"column":8},"end":{"line":54,"column":15}},"26":{"start":{"line":57,"column":0},"end":{"line":57,"column":23}},"27":{"start":{"line":60,"column":0},"end":{"line":64,"column":3}},"28":{"start":{"line":61,"column":4},"end":{"line":61,"column":41}},"29":{"start":{"line":62,"column":4},"end":{"line":62,"column":22}},"30":{"start":{"line":63,"column":4},"end":{"line":63,"column":16}},"31":{"start":{"line":67,"column":0},"end":{"line":74,"column":3}},"32":{"start":{"line":68,"column":4},"end":{"line":68,"column":36}},"33":{"start":{"line":69,"column":4},"end":{"line":73,"column":7}},"34":{"start":{"line":76,"column":0},"end":{"line":76,"column":21}}},"branchMap":{"1":{"line":51,"type":"if","locations":[{"start":{"line":51,"column":4},"end":{"line":51,"column":4}},{"start":{"line":51,"column":4},"end":{"line":51,"column":4}}]},"2":{"line":68,"type":"binary-expr","locations":[{"start":{"line":68,"column":15},"end":{"line":68,"column":27}},{"start":{"line":68,"column":31},"end":{"line":68,"column":34}}]}}},"/home/ankit/Desktop/backend/index.js":{"path":"/home/ankit/Desktop/backend/index.js","s":{"1":0,"2":0,"3":0,"4":0,"5":0,"6":0,"7":0,"8":0,"9":0,"10":0,"11":0,"12":0,"13":0,"14":0,"15":0,"16":0,"17":0,"18":0,"19":0,"20":0,"21":0,"22":0,"23":0,"24":0,"25":0,"26":0,"27":0,"28":0,"29":0,"30":0,"31":0,"32":0},"b":{},"f":{"1":0,"2":0,"3":0,"4":0,"5":0,"6":0},"fnMap":{"1":{"name":"random_address","line":2,"loc":{"start":{"line":2,"column":0},"end":{"line":2,"column":33}}},"2":{"name":"random_students","line":5,"loc":{"start":{"line":5,"column":0},"end":{"line":5,"column":35}}},"3":{"name":"random_skills","line":9,"loc":{"start":{"line":9,"column":0},"end":{"line":9,"column":31}}},"4":{"name":"random_qualification","line":12,"loc":{"start":{"line":12,"column":0},"end":{"line":12,"column":45}}},"5":{"name":"random_gpa","line":15,"loc":{"start":{"line":15,"column":0},"end":{"line":15,"column":22}}},"6":{"name":"random_project","line":18,"loc":{"start":{"line":18,"column":0},"end":{"line":18,"column":26}}}},"statementMap":{"1":{"start":{"line":1,"column":0},"end":{"line":1,"column":33}},"2":{"start":{"line":2,"column":0},"end":{"line":4,"column":1}},"3":{"start":{"line":3,"column":2},"end":{"line":3,"column":61}},"4":{"start":{"line":5,"column":0},"end":{"line":7,"column":1}},"5":{"start":{"line":6,"column":2},"end":{"line":6,"column":63}},"6":{"start":{"line":8,"column":0},"end":{"line":8,"column":209}},"7":{"start":{"line":9,"column":0},"end":{"line":11,"column":1}},"8":{"start":{"line":10,"column":2},"end":{"line":10,"column":59}},"9":{"start":{"line":12,"column":0},"end":{"line":14,"column":1}},"10":{"start":{"line":13,"column":2},"end":{"line":13,"column":73}},"11":{"start":{"line":15,"column":0},"end":{"line":17,"column":1}},"12":{"start":{"line":16,"column":2},"end":{"line":16,"column":53}},"13":{"start":{"line":18,"column":0},"end":{"line":20,"column":1}},"14":{"start":{"line":19,"column":2},"end":{"line":19,"column":61}},"15":{"start":{"line":22,"column":0},"end":{"line":22,"column":138}},"16":{"start":{"line":23,"column":0},"end":{"line":23,"column":306}},"17":{"start":{"line":24,"column":0},"end":{"line":24,"column":197}},"18":{"start":{"line":25,"column":0},"end":{"line":25,"column":232}},"19":{"start":{"line":26,"column":0},"end":{"line":57,"column":2}},"20":{"start":{"line":59,"column":0},"end":{"line":88,"column":1}},"21":{"start":{"line":60,"column":2},"end":{"line":60,"column":15}},"22":{"start":{"line":61,"column":2},"end":{"line":87,"column":8}},"23":{"start":{"line":62,"column":4},"end":{"line":62,"column":64}},"24":{"start":{"line":64,"column":4},"end":{"line":64,"column":80}},"25":{"start":{"line":65,"column":4},"end":{"line":65,"column":56}},"26":{"start":{"line":66,"column":4},"end":{"line":66,"column":52}},"27":{"start":{"line":67,"column":4},"end":{"line":67,"column":37}},"28":{"start":{"line":68,"column":4},"end":{"line":68,"column":66}},"29":{"start":{"line":69,"column":4},"end":{"line":69,"column":56}},"30":{"start":{"line":70,"column":5},"end":{"line":70,"column":71}},"31":{"start":{"line":71,"column":4},"end":{"line":71,"column":57}},"32":{"start":{"line":72,"column":4},"end":{"line":72,"column":21}}},"branchMap":{}},"/home/ankit/Desktop/backend/server.js":{"path":"/home/ankit/Desktop/backend/server.js","s":{"1":0,"2":0,"3":0,"4":0,"5":0},"b":{"1":[0,0]},"f":{},"fnMap":{},"statementMap":{"1":{"start":{"line":1,"column":0},"end":{"line":1,"column":29}},"2":{"start":{"line":2,"column":0},"end":{"line":2,"column":29}},"3":{"start":{"line":4,"column":0},"end":{"line":4,"column":38}},"4":{"start":{"line":6,"column":0},"end":{"line":6,"column":38}},"5":{"start":{"line":8,"column":0},"end":{"line":8,"column":20}}},"branchMap":{"1":{"line":4,"type":"binary-expr","locations":[{"start":{"line":4,"column":13},"end":{"line":4,"column":29}},{"start":{"line":4,"column":33},"end":{"line":4,"column":37}}]}}},"/home/ankit/Desktop/backend/src/api-routing.js":{"path":"/home/ankit/Desktop/backend/src/api-routing.js","s":{"1":0,"2":0,"3":0},"b":{},"f":{},"fnMap":{},"statementMap":{"1":{"start":{"line":1,"column":0},"end":{"line":1,"column":59}},"2":{"start":{"line":2,"column":0},"end":{"line":2,"column":65}},"3":{"start":{"line":4,"column":0},"end":{"line":6,"column":1}}},"branchMap":{}},"/home/ankit/Desktop/backend/src/app/controllers/enterpriseController.js":{"path":"/home/ankit/Desktop/backend/src/app/controllers/enterpriseController.js","s":{"1":0,"2":0,"3":0,"4":0,"5":0,"6":0,"7":0,"8":0,"9":0,"10":0,"11":0,"12":0,"13":0,"14":0,"15":0,"16":0,"17":0,"18":0,"19":0,"20":0,"21":0,"22":0,"23":0,"24":0,"25":0,"26":0,"27":0,"28":0,"29":0,"30":0},"b":{"1":[0,0],"2":[0,0],"3":[0,0],"4":[0,0],"5":[0,0]},"f":{"1":0,"2":0,"3":0,"4":0,"5":0},"fnMap":{"1":{"name":"(anonymous_1)","line":8,"loc":{"start":{"line":8,"column":24},"end":{"line":8,"column":46}}},"2":{"name":"(anonymous_2)","line":18,"loc":{"start":{"line":18,"column":28},"end":{"line":18,"column":50}}},"3":{"name":"(anonymous_3)","line":28,"loc":{"start":{"line":28,"column":24},"end":{"line":28,"column":45}}},"4":{"name":"(anonymous_4)","line":38,"loc":{"start":{"line":38,"column":25},"end":{"line":38,"column":46}}},"5":{"name":"(anonymous_5)","line":49,"loc":{"start":{"line":49,"column":27},"end":{"line":49,"column":48}}}},"statementMap":{"1":{"start":{"line":1,"column":0},"end":{"line":1,"column":35}},"2":{"start":{"line":2,"column":0},"end":{"line":2,"column":51}},"3":{"start":{"line":3,"column":0},"end":{"line":3,"column":51}},"4":{"start":{"line":4,"column":0},"end":{"line":4,"column":32}},"5":{"start":{"line":7,"column":0},"end":{"line":14,"column":3}},"6":{"start":{"line":8,"column":4},"end":{"line":13,"column":7}},"7":{"start":{"line":9,"column":8},"end":{"line":11,"column":9}},"8":{"start":{"line":10,"column":12},"end":{"line":10,"column":68}},"9":{"start":{"line":12,"column":8},"end":{"line":12,"column":77}},"10":{"start":{"line":17,"column":0},"end":{"line":24,"column":3}},"11":{"start":{"line":18,"column":4},"end":{"line":23,"column":7}},"12":{"start":{"line":19,"column":8},"end":{"line":21,"column":9}},"13":{"start":{"line":20,"column":12},"end":{"line":20,"column":68}},"14":{"start":{"line":22,"column":8},"end":{"line":22,"column":80}},"15":{"start":{"line":27,"column":0},"end":{"line":34,"column":3}},"16":{"start":{"line":28,"column":4},"end":{"line":33,"column":7}},"17":{"start":{"line":29,"column":8},"end":{"line":31,"column":9}},"18":{"start":{"line":30,"column":12},"end":{"line":30,"column":68}},"19":{"start":{"line":32,"column":8},"end":{"line":32,"column":80}},"20":{"start":{"line":37,"column":0},"end":{"line":44,"column":3}},"21":{"start":{"line":38,"column":4},"end":{"line":43,"column":7}},"22":{"start":{"line":39,"column":8},"end":{"line":41,"column":9}},"23":{"start":{"line":40,"column":12},"end":{"line":40,"column":68}},"24":{"start":{"line":42,"column":8},"end":{"line":42,"column":80}},"25":{"start":{"line":48,"column":0},"end":{"line":55,"column":3}},"26":{"start":{"line":49,"column":4},"end":{"line":54,"column":7}},"27":{"start":{"line":50,"column":8},"end":{"line":52,"column":9}},"28":{"start":{"line":51,"column":12},"end":{"line":51,"column":68}},"29":{"start":{"line":53,"column":8},"end":{"line":53,"column":80}},"30":{"start":{"line":58,"column":0},"end":{"line":58,"column":24}}},"branchMap":{"1":{"line":9,"type":"if","locations":[{"start":{"line":9,"column":8},"end":{"line":9,"column":8}},{"start":{"line":9,"column":8},"end":{"line":9,"column":8}}]},"2":{"line":19,"type":"if","locations":[{"start":{"line":19,"column":8},"end":{"line":19,"column":8}},{"start":{"line":19,"column":8},"end":{"line":19,"column":8}}]},"3":{"line":29,"type":"if","locations":[{"start":{"line":29,"column":8},"end":{"line":29,"column":8}},{"start":{"line":29,"column":8},"end":{"line":29,"column":8}}]},"4":{"line":39,"type":"if","locations":[{"start":{"line":39,"column":8},"end":{"line":39,"column":8}},{"start":{"line":39,"column":8},"end":{"line":39,"column":8}}]},"5":{"line":50,"type":"if","locations":[{"start":{"line":50,"column":8},"end":{"line":50,"column":8}},{"start":{"line":50,"column":8},"end":{"line":50,"column":8}}]}}},"/home/ankit/Desktop/backend/src/app/controllers/instituteController.js":{"path":"/home/ankit/Desktop/backend/src/app/controllers/instituteController.js","s":{"1":0,"2":0,"3":0,"4":0,"5":0,"6":0,"7":0,"8":0,"9":0,"10":0,"11":0,"12":0,"13":0,"14":0,"15":0,"16":0,"17":0,"18":0,"19":0,"20":0,"21":0,"22":0,"23":0,"24":0,"25":0,"26":0,"27":0,"28":0,"29":0,"30":0},"b":{"1":[0,0],"2":[0,0],"3":[0,0],"4":[0,0],"5":[0,0]},"f":{"1":0,"2":0,"3":0,"4":0,"5":0},"fnMap":{"1":{"name":"(anonymous_1)","line":7,"loc":{"start":{"line":7,"column":23},"end":{"line":7,"column":45}}},"2":{"name":"(anonymous_2)","line":17,"loc":{"start":{"line":17,"column":27},"end":{"line":17,"column":49}}},"3":{"name":"(anonymous_3)","line":26,"loc":{"start":{"line":26,"column":23},"end":{"line":26,"column":44}}},"4":{"name":"(anonymous_4)","line":35,"loc":{"start":{"line":35,"column":24},"end":{"line":35,"column":45}}},"5":{"name":"(anonymous_5)","line":44,"loc":{"start":{"line":44,"column":26},"end":{"line":44,"column":47}}}},"statementMap":{"1":{"start":{"line":1,"column":0},"end":{"line":1,"column":35}},"2":{"start":{"line":2,"column":0},"end":{"line":2,"column":49}},"3":{"start":{"line":3,"column":0},"end":{"line":3,"column":51}},"4":{"start":{"line":4,"column":0},"end":{"line":4,"column":32}},"5":{"start":{"line":6,"column":0},"end":{"line":13,"column":3}},"6":{"start":{"line":7,"column":4},"end":{"line":12,"column":7}},"7":{"start":{"line":8,"column":8},"end":{"line":10,"column":9}},"8":{"start":{"line":9,"column":12},"end":{"line":9,"column":68}},"9":{"start":{"line":11,"column":8},"end":{"line":11,"column":77}},"10":{"start":{"line":16,"column":0},"end":{"line":23,"column":3}},"11":{"start":{"line":17,"column":4},"end":{"line":22,"column":7}},"12":{"start":{"line":18,"column":8},"end":{"line":20,"column":9}},"13":{"start":{"line":19,"column":12},"end":{"line":19,"column":68}},"14":{"start":{"line":21,"column":8},"end":{"line":21,"column":80}},"15":{"start":{"line":25,"column":0},"end":{"line":32,"column":3}},"16":{"start":{"line":26,"column":4},"end":{"line":31,"column":7}},"17":{"start":{"line":27,"column":8},"end":{"line":29,"column":9}},"18":{"start":{"line":28,"column":12},"end":{"line":28,"column":68}},"19":{"start":{"line":30,"column":8},"end":{"line":30,"column":80}},"20":{"start":{"line":34,"column":0},"end":{"line":41,"column":3}},"21":{"start":{"line":35,"column":4},"end":{"line":40,"column":7}},"22":{"start":{"line":36,"column":8},"end":{"line":38,"column":9}},"23":{"start":{"line":37,"column":12},"end":{"line":37,"column":68}},"24":{"start":{"line":39,"column":8},"end":{"line":39,"column":80}},"25":{"start":{"line":43,"column":0},"end":{"line":50,"column":3}},"26":{"start":{"line":44,"column":4},"end":{"line":49,"column":7}},"27":{"start":{"line":45,"column":8},"end":{"line":47,"column":9}},"28":{"start":{"line":46,"column":12},"end":{"line":46,"column":68}},"29":{"start":{"line":48,"column":8},"end":{"line":48,"column":80}},"30":{"start":{"line":51,"column":0},"end":{"line":51,"column":24}}},"branchMap":{"1":{"line":8,"type":"if","locations":[{"start":{"line":8,"column":8},"end":{"line":8,"column":8}},{"start":{"line":8,"column":8},"end":{"line":8,"column":8}}]},"2":{"line":18,"type":"if","locations":[{"start":{"line":18,"column":8},"end":{"line":18,"column":8}},{"start":{"line":18,"column":8},"end":{"line":18,"column":8}}]},"3":{"line":27,"type":"if","locations":[{"start":{"line":27,"column":8},"end":{"line":27,"column":8}},{"start":{"line":27,"column":8},"end":{"line":27,"column":8}}]},"4":{"line":36,"type":"if","locations":[{"start":{"line":36,"column":8},"end":{"line":36,"column":8}},{"start":{"line":36,"column":8},"end":{"line":36,"column":8}}]},"5":{"line":45,"type":"if","locations":[{"start":{"line":45,"column":8},"end":{"line":45,"column":8}},{"start":{"line":45,"column":8},"end":{"line":45,"column":8}}]}}},"/home/ankit/Desktop/backend/src/app/controllers/postingController.js":{"path":"/home/ankit/Desktop/backend/src/app/controllers/postingController.js","s":{"1":0,"2":0,"3":0,"4":0,"5":0,"6":0,"7":0,"8":0,"9":0,"10":0,"11":0,"12":0,"13":0,"14":0,"15":0,"16":0,"17":0,"18":0,"19":0,"20":0,"21":0,"22":0,"23":0,"24":0,"25":0,"26":0,"27":0,"28":0,"29":0,"30":0},"b":{"1":[0,0],"2":[0,0],"3":[0,0],"4":[0,0],"5":[0,0]},"f":{"1":0,"2":0,"3":0,"4":0,"5":0},"fnMap":{"1":{"name":"(anonymous_1)","line":7,"loc":{"start":{"line":7,"column":21},"end":{"line":7,"column":43}}},"2":{"name":"(anonymous_2)","line":17,"loc":{"start":{"line":17,"column":25},"end":{"line":17,"column":47}}},"3":{"name":"(anonymous_3)","line":26,"loc":{"start":{"line":26,"column":21},"end":{"line":26,"column":42}}},"4":{"name":"(anonymous_4)","line":35,"loc":{"start":{"line":35,"column":22},"end":{"line":35,"column":43}}},"5":{"name":"(anonymous_5)","line":45,"loc":{"start":{"line":45,"column":24},"end":{"line":45,"column":45}}}},"statementMap":{"1":{"start":{"line":1,"column":0},"end":{"line":1,"column":35}},"2":{"start":{"line":2,"column":0},"end":{"line":2,"column":45}},"3":{"start":{"line":3,"column":0},"end":{"line":3,"column":51}},"4":{"start":{"line":4,"column":0},"end":{"line":4,"column":32}},"5":{"start":{"line":6,"column":0},"end":{"line":13,"column":3}},"6":{"start":{"line":7,"column":4},"end":{"line":12,"column":7}},"7":{"start":{"line":8,"column":8},"end":{"line":10,"column":9}},"8":{"start":{"line":9,"column":12},"end":{"line":9,"column":68}},"9":{"start":{"line":11,"column":8},"end":{"line":11,"column":77}},"10":{"start":{"line":16,"column":0},"end":{"line":23,"column":3}},"11":{"start":{"line":17,"column":4},"end":{"line":22,"column":7}},"12":{"start":{"line":18,"column":8},"end":{"line":20,"column":9}},"13":{"start":{"line":19,"column":12},"end":{"line":19,"column":68}},"14":{"start":{"line":21,"column":8},"end":{"line":21,"column":80}},"15":{"start":{"line":25,"column":0},"end":{"line":32,"column":3}},"16":{"start":{"line":26,"column":4},"end":{"line":31,"column":7}},"17":{"start":{"line":27,"column":8},"end":{"line":29,"column":9}},"18":{"start":{"line":28,"column":12},"end":{"line":28,"column":68}},"19":{"start":{"line":30,"column":8},"end":{"line":30,"column":80}},"20":{"start":{"line":34,"column":0},"end":{"line":41,"column":3}},"21":{"start":{"line":35,"column":4},"end":{"line":40,"column":7}},"22":{"start":{"line":36,"column":8},"end":{"line":38,"column":9}},"23":{"start":{"line":37,"column":12},"end":{"line":37,"column":68}},"24":{"start":{"line":39,"column":8},"end":{"line":39,"column":80}},"25":{"start":{"line":43,"column":0},"end":{"line":51,"column":3}},"26":{"start":{"line":45,"column":4},"end":{"line":50,"column":7}},"27":{"start":{"line":46,"column":8},"end":{"line":48,"column":9}},"28":{"start":{"line":47,"column":12},"end":{"line":47,"column":68}},"29":{"start":{"line":49,"column":8},"end":{"line":49,"column":80}},"30":{"start":{"line":54,"column":0},"end":{"line":54,"column":24}}},"branchMap":{"1":{"line":8,"type":"if","locations":[{"start":{"line":8,"column":8},"end":{"line":8,"column":8}},{"start":{"line":8,"column":8},"end":{"line":8,"column":8}}]},"2":{"line":18,"type":"if","locations":[{"start":{"line":18,"column":8},"end":{"line":18,"column":8}},{"start":{"line":18,"column":8},"end":{"line":18,"column":8}}]},"3":{"line":27,"type":"if","locations":[{"start":{"line":27,"column":8},"end":{"line":27,"column":8}},{"start":{"line":27,"column":8},"end":{"line":27,"column":8}}]},"4":{"line":36,"type":"if","locations":[{"start":{"line":36,"column":8},"end":{"line":36,"column":8}},{"start":{"line":36,"column":8},"end":{"line":36,"column":8}}]},"5":{"line":46,"type":"if","locations":[{"start":{"line":46,"column":8},"end":{"line":46,"column":8}},{"start":{"line":46,"column":8},"end":{"line":46,"column":8}}]}}},"/home/ankit/Desktop/backend/src/app/controllers/studentController.js":{"path":"/home/ankit/Desktop/backend/src/app/controllers/studentController.js","s":{"1":0,"2":0,"3":0,"4":0,"5":0,"6":0,"7":0,"8":0,"9":0,"10":0,"11":0,"12":0,"13":0,"14":0,"15":0,"16":0,"17":0,"18":0,"19":0,"20":0,"21":0,"22":0,"23":0,"24":0,"25":0,"26":0,"27":0,"28":0,"29":0,"30":0},"b":{"1":[0,0],"2":[0,0],"3":[0,0],"4":[0,0],"5":[0,0]},"f":{"1":0,"2":0,"3":0,"4":0,"5":0},"fnMap":{"1":{"name":"(anonymous_1)","line":7,"loc":{"start":{"line":7,"column":21},"end":{"line":7,"column":43}}},"2":{"name":"(anonymous_2)","line":17,"loc":{"start":{"line":17,"column":25},"end":{"line":17,"column":47}}},"3":{"name":"(anonymous_3)","line":26,"loc":{"start":{"line":26,"column":21},"end":{"line":26,"column":42}}},"4":{"name":"(anonymous_4)","line":35,"loc":{"start":{"line":35,"column":22},"end":{"line":35,"column":43}}},"5":{"name":"(anonymous_5)","line":44,"loc":{"start":{"line":44,"column":24},"end":{"line":44,"column":45}}}},"statementMap":{"1":{"start":{"line":1,"column":0},"end":{"line":1,"column":35}},"2":{"start":{"line":2,"column":0},"end":{"line":2,"column":45}},"3":{"start":{"line":3,"column":0},"end":{"line":3,"column":51}},"4":{"start":{"line":4,"column":0},"end":{"line":4,"column":32}},"5":{"start":{"line":6,"column":0},"end":{"line":13,"column":3}},"6":{"start":{"line":7,"column":4},"end":{"line":12,"column":7}},"7":{"start":{"line":8,"column":8},"end":{"line":10,"column":9}},"8":{"start":{"line":9,"column":12},"end":{"line":9,"column":68}},"9":{"start":{"line":11,"column":8},"end":{"line":11,"column":77}},"10":{"start":{"line":16,"column":0},"end":{"line":23,"column":3}},"11":{"start":{"line":17,"column":4},"end":{"line":22,"column":7}},"12":{"start":{"line":18,"column":8},"end":{"line":20,"column":9}},"13":{"start":{"line":19,"column":12},"end":{"line":19,"column":68}},"14":{"start":{"line":21,"column":8},"end":{"line":21,"column":80}},"15":{"start":{"line":25,"column":0},"end":{"line":32,"column":3}},"16":{"start":{"line":26,"column":4},"end":{"line":31,"column":7}},"17":{"start":{"line":27,"column":8},"end":{"line":29,"column":9}},"18":{"start":{"line":28,"column":12},"end":{"line":28,"column":68}},"19":{"start":{"line":30,"column":8},"end":{"line":30,"column":80}},"20":{"start":{"line":34,"column":0},"end":{"line":41,"column":3}},"21":{"start":{"line":35,"column":4},"end":{"line":40,"column":7}},"22":{"start":{"line":36,"column":8},"end":{"line":38,"column":9}},"23":{"start":{"line":37,"column":12},"end":{"line":37,"column":68}},"24":{"start":{"line":39,"column":8},"end":{"line":39,"column":80}},"25":{"start":{"line":43,"column":0},"end":{"line":50,"column":3}},"26":{"start":{"line":44,"column":4},"end":{"line":49,"column":7}},"27":{"start":{"line":45,"column":8},"end":{"line":47,"column":9}},"28":{"start":{"line":46,"column":12},"end":{"line":46,"column":68}},"29":{"start":{"line":48,"column":8},"end":{"line":48,"column":80}},"30":{"start":{"line":53,"column":0},"end":{"line":53,"column":24}}},"branchMap":{"1":{"line":8,"type":"if","locations":[{"start":{"line":8,"column":8},"end":{"line":8,"column":8}},{"start":{"line":8,"column":8},"end":{"line":8,"column":8}}]},"2":{"line":18,"type":"if","locations":[{"start":{"line":18,"column":8},"end":{"line":18,"column":8}},{"start":{"line":18,"column":8},"end":{"line":18,"column":8}}]},"3":{"line":27,"type":"if","locations":[{"start":{"line":27,"column":8},"end":{"line":27,"column":8}},{"start":{"line":27,"column":8},"end":{"line":27,"column":8}}]},"4":{"line":36,"type":"if","locations":[{"start":{"line":36,"column":8},"end":{"line":36,"column":8}},{"start":{"line":36,"column":8},"end":{"line":36,"column":8}}]},"5":{"line":45,"type":"if","locations":[{"start":{"line":45,"column":8},"end":{"line":45,"column":8}},{"start":{"line":45,"column":8},"end":{"line":45,"column":8}}]}}},"/home/ankit/Desktop/backend/src/app/controllers/upload.js":{"path":"/home/ankit/Desktop/backend/src/app/controllers/upload.js","s":{"1":0,"2":0,"3":0,"4":0,"5":0,"6":0,"7":0,"8":0,"9":0,"10":0,"11":0,"12":0,"13":0,"14":0,"15":0},"b":{"1":[0,0]},"f":{"1":0,"2":0},"fnMap":{"1":{"name":"(anonymous_1)","line":6,"loc":{"start":{"line":6,"column":17},"end":{"line":6,"column":46}}},"2":{"name":"(anonymous_2)","line":9,"loc":{"start":{"line":9,"column":14},"end":{"line":9,"column":43}}}},"statementMap":{"1":{"start":{"line":1,"column":0},"end":{"line":1,"column":35}},"2":{"start":{"line":2,"column":0},"end":{"line":2,"column":32}},"3":{"start":{"line":3,"column":0},"end":{"line":3,"column":33}},"4":{"start":{"line":5,"column":0},"end":{"line":13,"column":3}},"5":{"start":{"line":7,"column":8},"end":{"line":7,"column":37}},"6":{"start":{"line":11,"column":8},"end":{"line":11,"column":38}},"7":{"start":{"line":15,"column":0},"end":{"line":23,"column":1}},"8":{"start":{"line":16,"column":4},"end":{"line":22,"column":5}},"9":{"start":{"line":18,"column":8},"end":{"line":18,"column":29}},"10":{"start":{"line":21,"column":8},"end":{"line":21,"column":30}},"11":{"start":{"line":25,"column":0},"end":{"line":31,"column":3}},"12":{"start":{"line":33,"column":0},"end":{"line":39,"column":3}},"13":{"start":{"line":34,"column":4},"end":{"line":34,"column":26}},"14":{"start":{"line":35,"column":4},"end":{"line":38,"column":7}},"15":{"start":{"line":41,"column":0},"end":{"line":41,"column":24}}},"branchMap":{"1":{"line":16,"type":"if","locations":[{"start":{"line":16,"column":4},"end":{"line":16,"column":4}},{"start":{"line":16,"column":4},"end":{"line":16,"column":4}}]}}},"/home/ankit/Desktop/backend/src/app/controllers/users.js":{"path":"/home/ankit/Desktop/backend/src/app/controllers/users.js","s":{"1":0,"2":0,"3":0,"4":0,"5":0,"6":0,"7":0,"8":0,"9":0,"10":0,"11":0,"12":0,"13":0,"14":0,"15":0,"16":0,"17":0,"18":0,"19":0,"20":0},"b":{"1":[0,0],"2":[0,0],"3":[0,0]},"f":{},"fnMap":{},"statementMap":{"1":{"start":{"line":1,"column":0},"end":{"line":1,"column":35}},"2":{"start":{"line":2,"column":0},"end":{"line":2,"column":32}},"3":{"start":{"line":4,"column":0},"end":{"line":9,"column":3}},"4":{"start":{"line":6,"column":4},"end":{"line":8,"column":7}},"5":{"start":{"line":12,"column":0},"end":{"line":19,"column":3}},"6":{"start":{"line":13,"column":4},"end":{"line":13,"column":34}},"7":{"start":{"line":14,"column":4},"end":{"line":18,"column":5}},"8":{"start":{"line":15,"column":8},"end":{"line":17,"column":11}},"9":{"start":{"line":21,"column":0},"end":{"line":31,"column":3}},"10":{"start":{"line":22,"column":4},"end":{"line":25,"column":6}},"11":{"start":{"line":27,"column":4},"end":{"line":30,"column":7}},"12":{"start":{"line":33,"column":0},"end":{"line":40,"column":3}},"13":{"start":{"line":34,"column":4},"end":{"line":34,"column":34}},"14":{"start":{"line":35,"column":4},"end":{"line":39,"column":5}},"15":{"start":{"line":36,"column":8},"end":{"line":38,"column":11}},"16":{"start":{"line":42,"column":0},"end":{"line":49,"column":3}},"17":{"start":{"line":43,"column":4},"end":{"line":43,"column":34}},"18":{"start":{"line":44,"column":4},"end":{"line":48,"column":5}},"19":{"start":{"line":45,"column":8},"end":{"line":47,"column":11}},"20":{"start":{"line":52,"column":0},"end":{"line":52,"column":24}}},"branchMap":{"1":{"line":14,"type":"if","locations":[{"start":{"line":14,"column":4},"end":{"line":14,"column":4}},{"start":{"line":14,"column":4},"end":{"line":14,"column":4}}]},"2":{"line":35,"type":"if","locations":[{"start":{"line":35,"column":4},"end":{"line":35,"column":4}},{"start":{"line":35,"column":4},"end":{"line":35,"column":4}}]},"3":{"line":44,"type":"if","locations":[{"start":{"line":44,"column":4},"end":{"line":44,"column":4}},{"start":{"line":44,"column":4},"end":{"line":44,"column":4}}]}}},"/home/ankit/Desktop/backend/src/app/healper.js":{"path":"/home/ankit/Desktop/backend/src/app/healper.js","s":{},"b":{},"f":{},"fnMap":{},"statementMap":{},"branchMap":{}},"/home/ankit/Desktop/backend/src/app/models/enterprise.js":{"path":"/home/ankit/Desktop/backend/src/app/models/enterprise.js","s":{"1":0,"2":0,"3":0,"4":0,"5":0,"6":0,"7":0,"8":0,"9":0,"10":0,"11":0,"12":0,"13":0,"14":0,"15":0,"16":0,"17":0,"18":0,"19":0,"20":0,"21":0,"22":0,"23":0,"24":0,"25":0,"26":0,"27":0,"28":0,"29":0,"30":0,"31":0,"32":0,"33":0,"34":0,"35":0,"36":0,"37":0,"38":0,"39":0,"40":0,"41":0,"42":0,"43":0,"44":0,"45":0,"46":0,"47":0,"48":0,"49":0,"50":0,"51":0,"52":0,"53":0,"54":0,"55":0,"56":0,"57":0,"58":0,"59":0,"60":0,"61":0},"b":{"1":[0,0],"2":[0,0],"3":[0,0],"4":[0,0],"5":[0,0],"6":[0,0],"7":[0,0],"8":[0,0],"9":[0,0],"10":[0,0],"11":[0,0],"12":[0,0]},"f":{"1":0,"2":0,"3":0,"4":0,"5":0,"6":0,"7":0,"8":0,"9":0,"10":0},"fnMap":{"1":{"name":"get","line":8,"loc":{"start":{"line":8,"column":0},"end":{"line":8,"column":27}}},"2":{"name":"(anonymous_2)","line":36,"loc":{"start":{"line":36,"column":23},"end":{"line":36,"column":45}}},"3":{"name":"getById","line":45,"loc":{"start":{"line":45,"column":0},"end":{"line":45,"column":31}}},"4":{"name":"(anonymous_4)","line":51,"loc":{"start":{"line":51,"column":23},"end":{"line":51,"column":45}}},"5":{"name":"add","line":61,"loc":{"start":{"line":61,"column":0},"end":{"line":61,"column":27}}},"6":{"name":"(anonymous_6)","line":80,"loc":{"start":{"line":80,"column":23},"end":{"line":80,"column":45}}},"7":{"name":"edit","line":90,"loc":{"start":{"line":90,"column":0},"end":{"line":90,"column":28}}},"8":{"name":"(anonymous_8)","line":108,"loc":{"start":{"line":108,"column":23},"end":{"line":108,"column":45}}},"9":{"name":"remove","line":117,"loc":{"start":{"line":117,"column":0},"end":{"line":117,"column":30}}},"10":{"name":"(anonymous_10)","line":124,"loc":{"start":{"line":124,"column":23},"end":{"line":124,"column":45}}}},"statementMap":{"1":{"start":{"line":1,"column":0},"end":{"line":1,"column":43}},"2":{"start":{"line":2,"column":0},"end":{"line":2,"column":27}},"3":{"start":{"line":3,"column":0},"end":{"line":3,"column":22}},"4":{"start":{"line":4,"column":0},"end":{"line":4,"column":125}},"5":{"start":{"line":8,"column":0},"end":{"line":42,"column":1}},"6":{"start":{"line":9,"column":4},"end":{"line":12,"column":6}},"7":{"start":{"line":13,"column":4},"end":{"line":13,"column":43}},"8":{"start":{"line":14,"column":4},"end":{"line":16,"column":5}},"9":{"start":{"line":15,"column":8},"end":{"line":15,"column":73}},"10":{"start":{"line":17,"column":4},"end":{"line":29,"column":5}},"11":{"start":{"line":18,"column":8},"end":{"line":28,"column":9}},"12":{"start":{"line":19,"column":12},"end":{"line":22,"column":13}},"13":{"start":{"line":24,"column":12},"end":{"line":27,"column":13}},"14":{"start":{"line":31,"column":4},"end":{"line":35,"column":5}},"15":{"start":{"line":36,"column":4},"end":{"line":41,"column":7}},"16":{"start":{"line":37,"column":8},"end":{"line":39,"column":9}},"17":{"start":{"line":38,"column":12},"end":{"line":38,"column":33}},"18":{"start":{"line":40,"column":8},"end":{"line":40,"column":31}},"19":{"start":{"line":45,"column":0},"end":{"line":57,"column":1}},"20":{"start":{"line":46,"column":4},"end":{"line":50,"column":6}},"21":{"start":{"line":51,"column":4},"end":{"line":56,"column":7}},"22":{"start":{"line":52,"column":8},"end":{"line":54,"column":9}},"23":{"start":{"line":53,"column":12},"end":{"line":53,"column":33}},"24":{"start":{"line":55,"column":8},"end":{"line":55,"column":31}},"25":{"start":{"line":61,"column":0},"end":{"line":86,"column":1}},"26":{"start":{"line":62,"column":4},"end":{"line":62,"column":24}},"27":{"start":{"line":63,"column":4},"end":{"line":63,"column":19}},"28":{"start":{"line":64,"column":4},"end":{"line":64,"column":21}},"29":{"start":{"line":65,"column":4},"end":{"line":65,"column":20}},"30":{"start":{"line":67,"column":4},"end":{"line":73,"column":5}},"31":{"start":{"line":68,"column":2},"end":{"line":72,"column":3}},"32":{"start":{"line":69,"column":3},"end":{"line":69,"column":26}},"33":{"start":{"line":70,"column":3},"end":{"line":70,"column":47}},"34":{"start":{"line":71,"column":3},"end":{"line":71,"column":15}},"35":{"start":{"line":75,"column":4},"end":{"line":79,"column":6}},"36":{"start":{"line":80,"column":4},"end":{"line":85,"column":7}},"37":{"start":{"line":81,"column":8},"end":{"line":83,"column":9}},"38":{"start":{"line":82,"column":12},"end":{"line":82,"column":33}},"39":{"start":{"line":84,"column":8},"end":{"line":84,"column":31}},"40":{"start":{"line":90,"column":0},"end":{"line":114,"column":1}},"41":{"start":{"line":91,"column":4},"end":{"line":91,"column":24}},"42":{"start":{"line":92,"column":4},"end":{"line":92,"column":19}},"43":{"start":{"line":93,"column":4},"end":{"line":93,"column":23}},"44":{"start":{"line":94,"column":4},"end":{"line":94,"column":56}},"45":{"start":{"line":96,"column":4},"end":{"line":101,"column":5}},"46":{"start":{"line":97,"column":2},"end":{"line":100,"column":3}},"47":{"start":{"line":98,"column":3},"end":{"line":98,"column":55}},"48":{"start":{"line":99,"column":3},"end":{"line":99,"column":15}},"49":{"start":{"line":103,"column":4},"end":{"line":107,"column":6}},"50":{"start":{"line":108,"column":4},"end":{"line":113,"column":7}},"51":{"start":{"line":109,"column":8},"end":{"line":111,"column":9}},"52":{"start":{"line":110,"column":12},"end":{"line":110,"column":33}},"53":{"start":{"line":112,"column":8},"end":{"line":112,"column":31}},"54":{"start":{"line":117,"column":0},"end":{"line":130,"column":1}},"55":{"start":{"line":118,"column":4},"end":{"line":118,"column":56}},"56":{"start":{"line":120,"column":4},"end":{"line":123,"column":6}},"57":{"start":{"line":124,"column":4},"end":{"line":129,"column":7}},"58":{"start":{"line":125,"column":8},"end":{"line":127,"column":9}},"59":{"start":{"line":126,"column":12},"end":{"line":126,"column":33}},"60":{"start":{"line":128,"column":8},"end":{"line":128,"column":31}},"61":{"start":{"line":132,"column":0},"end":{"line":138,"column":1}}},"branchMap":{"1":{"line":14,"type":"if","locations":[{"start":{"line":14,"column":4},"end":{"line":14,"column":4}},{"start":{"line":14,"column":4},"end":{"line":14,"column":4}}]},"2":{"line":17,"type":"if","locations":[{"start":{"line":17,"column":4},"end":{"line":17,"column":4}},{"start":{"line":17,"column":4},"end":{"line":17,"column":4}}]},"3":{"line":17,"type":"binary-expr","locations":[{"start":{"line":17,"column":7},"end":{"line":17,"column":24}},{"start":{"line":17,"column":28},"end":{"line":17,"column":51}}]},"4":{"line":18,"type":"if","locations":[{"start":{"line":18,"column":8},"end":{"line":18,"column":8}},{"start":{"line":18,"column":8},"end":{"line":18,"column":8}}]},"5":{"line":18,"type":"binary-expr","locations":[{"start":{"line":18,"column":11},"end":{"line":18,"column":26}},{"start":{"line":18,"column":30},"end":{"line":18,"column":51}}]},"6":{"line":37,"type":"if","locations":[{"start":{"line":37,"column":8},"end":{"line":37,"column":8}},{"start":{"line":37,"column":8},"end":{"line":37,"column":8}}]},"7":{"line":52,"type":"if","locations":[{"start":{"line":52,"column":8},"end":{"line":52,"column":8}},{"start":{"line":52,"column":8},"end":{"line":52,"column":8}}]},"8":{"line":68,"type":"if","locations":[{"start":{"line":68,"column":2},"end":{"line":68,"column":2}},{"start":{"line":68,"column":2},"end":{"line":68,"column":2}}]},"9":{"line":81,"type":"if","locations":[{"start":{"line":81,"column":8},"end":{"line":81,"column":8}},{"start":{"line":81,"column":8},"end":{"line":81,"column":8}}]},"10":{"line":97,"type":"if","locations":[{"start":{"line":97,"column":2},"end":{"line":97,"column":2}},{"start":{"line":97,"column":2},"end":{"line":97,"column":2}}]},"11":{"line":109,"type":"if","locations":[{"start":{"line":109,"column":8},"end":{"line":109,"column":8}},{"start":{"line":109,"column":8},"end":{"line":109,"column":8}}]},"12":{"line":125,"type":"if","locations":[{"start":{"line":125,"column":8},"end":{"line":125,"column":8}},{"start":{"line":125,"column":8},"end":{"line":125,"column":8}}]}}},"/home/ankit/Desktop/backend/src/app/models/institute.js":{"path":"/home/ankit/Desktop/backend/src/app/models/institute.js","s":{"1":0,"2":0,"3":0,"4":0,"5":0,"6":0,"7":0,"8":0,"9":0,"10":0,"11":0,"12":0,"13":0,"14":0,"15":0,"16":0,"17":0,"18":0,"19":0,"20":0,"21":0,"22":0,"23":0,"24":0,"25":0,"26":0,"27":0,"28":0,"29":0,"30":0,"31":0,"32":0,"33":0,"34":0,"35":0,"36":0,"37":0,"38":0,"39":0,"40":0,"41":0,"42":0,"43":0,"44":0,"45":0,"46":0,"47":0,"48":0,"49":0,"50":0,"51":0,"52":0,"53":0,"54":0,"55":0,"56":0,"57":0,"58":0,"59":0,"60":0,"61":0},"b":{"1":[0,0],"2":[0,0],"3":[0,0],"4":[0,0],"5":[0,0],"6":[0,0],"7":[0,0],"8":[0,0],"9":[0,0],"10":[0,0],"11":[0,0],"12":[0,0]},"f":{"1":0,"2":0,"3":0,"4":0,"5":0,"6":0,"7":0,"8":0,"9":0,"10":0},"fnMap":{"1":{"name":"get","line":7,"loc":{"start":{"line":7,"column":0},"end":{"line":7,"column":27}}},"2":{"name":"(anonymous_2)","line":37,"loc":{"start":{"line":37,"column":23},"end":{"line":37,"column":45}}},"3":{"name":"getById","line":45,"loc":{"start":{"line":45,"column":0},"end":{"line":45,"column":31}}},"4":{"name":"(anonymous_4)","line":52,"loc":{"start":{"line":52,"column":23},"end":{"line":52,"column":45}}},"5":{"name":"add","line":60,"loc":{"start":{"line":60,"column":0},"end":{"line":60,"column":27}}},"6":{"name":"(anonymous_6)","line":79,"loc":{"start":{"line":79,"column":23},"end":{"line":79,"column":45}}},"7":{"name":"edit","line":87,"loc":{"start":{"line":87,"column":0},"end":{"line":87,"column":28}}},"8":{"name":"(anonymous_8)","line":105,"loc":{"start":{"line":105,"column":23},"end":{"line":105,"column":45}}},"9":{"name":"remove","line":113,"loc":{"start":{"line":113,"column":0},"end":{"line":113,"column":30}}},"10":{"name":"(anonymous_10)","line":120,"loc":{"start":{"line":120,"column":23},"end":{"line":120,"column":45}}}},"statementMap":{"1":{"start":{"line":1,"column":0},"end":{"line":1,"column":43}},"2":{"start":{"line":2,"column":0},"end":{"line":2,"column":26}},"3":{"start":{"line":3,"column":0},"end":{"line":3,"column":22}},"4":{"start":{"line":4,"column":0},"end":{"line":4,"column":108}},"5":{"start":{"line":7,"column":0},"end":{"line":43,"column":1}},"6":{"start":{"line":8,"column":4},"end":{"line":11,"column":6}},"7":{"start":{"line":12,"column":4},"end":{"line":12,"column":43}},"8":{"start":{"line":13,"column":4},"end":{"line":17,"column":5}},"9":{"start":{"line":14,"column":8},"end":{"line":16,"column":74}},"10":{"start":{"line":18,"column":4},"end":{"line":30,"column":2}},"11":{"start":{"line":19,"column":7},"end":{"line":29,"column":3}},"12":{"start":{"line":20,"column":11},"end":{"line":23,"column":12}},"13":{"start":{"line":25,"column":11},"end":{"line":28,"column":4}},"14":{"start":{"line":31,"column":4},"end":{"line":35,"column":6}},"15":{"start":{"line":37,"column":4},"end":{"line":42,"column":7}},"16":{"start":{"line":38,"column":2},"end":{"line":40,"column":9}},"17":{"start":{"line":39,"column":12},"end":{"line":39,"column":33}},"18":{"start":{"line":41,"column":8},"end":{"line":41,"column":31}},"19":{"start":{"line":45,"column":0},"end":{"line":58,"column":1}},"20":{"start":{"line":46,"column":4},"end":{"line":51,"column":6}},"21":{"start":{"line":52,"column":4},"end":{"line":57,"column":7}},"22":{"start":{"line":53,"column":8},"end":{"line":55,"column":9}},"23":{"start":{"line":54,"column":12},"end":{"line":54,"column":33}},"24":{"start":{"line":56,"column":8},"end":{"line":56,"column":31}},"25":{"start":{"line":60,"column":0},"end":{"line":85,"column":1}},"26":{"start":{"line":61,"column":4},"end":{"line":61,"column":24}},"27":{"start":{"line":62,"column":4},"end":{"line":62,"column":19}},"28":{"start":{"line":63,"column":4},"end":{"line":63,"column":21}},"29":{"start":{"line":64,"column":4},"end":{"line":64,"column":20}},"30":{"start":{"line":66,"column":4},"end":{"line":72,"column":5}},"31":{"start":{"line":67,"column":2},"end":{"line":71,"column":3}},"32":{"start":{"line":68,"column":3},"end":{"line":68,"column":26}},"33":{"start":{"line":69,"column":3},"end":{"line":69,"column":47}},"34":{"start":{"line":70,"column":3},"end":{"line":70,"column":15}},"35":{"start":{"line":74,"column":4},"end":{"line":78,"column":6}},"36":{"start":{"line":79,"column":4},"end":{"line":84,"column":7}},"37":{"start":{"line":80,"column":8},"end":{"line":82,"column":9}},"38":{"start":{"line":81,"column":12},"end":{"line":81,"column":33}},"39":{"start":{"line":83,"column":8},"end":{"line":83,"column":31}},"40":{"start":{"line":87,"column":0},"end":{"line":111,"column":1}},"41":{"start":{"line":88,"column":4},"end":{"line":88,"column":24}},"42":{"start":{"line":89,"column":4},"end":{"line":89,"column":19}},"43":{"start":{"line":90,"column":4},"end":{"line":90,"column":23}},"44":{"start":{"line":91,"column":4},"end":{"line":91,"column":58}},"45":{"start":{"line":93,"column":4},"end":{"line":98,"column":5}},"46":{"start":{"line":94,"column":2},"end":{"line":97,"column":3}},"47":{"start":{"line":95,"column":3},"end":{"line":95,"column":55}},"48":{"start":{"line":96,"column":3},"end":{"line":96,"column":15}},"49":{"start":{"line":100,"column":4},"end":{"line":104,"column":6}},"50":{"start":{"line":105,"column":4},"end":{"line":110,"column":7}},"51":{"start":{"line":106,"column":8},"end":{"line":108,"column":9}},"52":{"start":{"line":107,"column":12},"end":{"line":107,"column":33}},"53":{"start":{"line":109,"column":8},"end":{"line":109,"column":31}},"54":{"start":{"line":113,"column":0},"end":{"line":126,"column":1}},"55":{"start":{"line":114,"column":4},"end":{"line":114,"column":59}},"56":{"start":{"line":116,"column":4},"end":{"line":119,"column":6}},"57":{"start":{"line":120,"column":4},"end":{"line":125,"column":7}},"58":{"start":{"line":121,"column":8},"end":{"line":123,"column":9}},"59":{"start":{"line":122,"column":12},"end":{"line":122,"column":33}},"60":{"start":{"line":124,"column":8},"end":{"line":124,"column":31}},"61":{"start":{"line":128,"column":0},"end":{"line":134,"column":1}}},"branchMap":{"1":{"line":13,"type":"if","locations":[{"start":{"line":13,"column":4},"end":{"line":13,"column":4}},{"start":{"line":13,"column":4},"end":{"line":13,"column":4}}]},"2":{"line":18,"type":"if","locations":[{"start":{"line":18,"column":4},"end":{"line":18,"column":4}},{"start":{"line":18,"column":4},"end":{"line":18,"column":4}}]},"3":{"line":18,"type":"binary-expr","locations":[{"start":{"line":18,"column":7},"end":{"line":18,"column":24}},{"start":{"line":18,"column":28},"end":{"line":18,"column":51}}]},"4":{"line":19,"type":"if","locations":[{"start":{"line":19,"column":7},"end":{"line":19,"column":7}},{"start":{"line":19,"column":7},"end":{"line":19,"column":7}}]},"5":{"line":19,"type":"binary-expr","locations":[{"start":{"line":19,"column":10},"end":{"line":19,"column":25}},{"start":{"line":19,"column":29},"end":{"line":19,"column":50}}]},"6":{"line":38,"type":"if","locations":[{"start":{"line":38,"column":2},"end":{"line":38,"column":2}},{"start":{"line":38,"column":2},"end":{"line":38,"column":2}}]},"7":{"line":53,"type":"if","locations":[{"start":{"line":53,"column":8},"end":{"line":53,"column":8}},{"start":{"line":53,"column":8},"end":{"line":53,"column":8}}]},"8":{"line":67,"type":"if","locations":[{"start":{"line":67,"column":2},"end":{"line":67,"column":2}},{"start":{"line":67,"column":2},"end":{"line":67,"column":2}}]},"9":{"line":80,"type":"if","locations":[{"start":{"line":80,"column":8},"end":{"line":80,"column":8}},{"start":{"line":80,"column":8},"end":{"line":80,"column":8}}]},"10":{"line":94,"type":"if","locations":[{"start":{"line":94,"column":2},"end":{"line":94,"column":2}},{"start":{"line":94,"column":2},"end":{"line":94,"column":2}}]},"11":{"line":106,"type":"if","locations":[{"start":{"line":106,"column":8},"end":{"line":106,"column":8}},{"start":{"line":106,"column":8},"end":{"line":106,"column":8}}]},"12":{"line":121,"type":"if","locations":[{"start":{"line":121,"column":8},"end":{"line":121,"column":8}},{"start":{"line":121,"column":8},"end":{"line":121,"column":8}}]}}},"/home/ankit/Desktop/backend/src/app/models/posting.js":{"path":"/home/ankit/Desktop/backend/src/app/models/posting.js","s":{"1":0,"2":0,"3":0,"4":0,"5":0,"6":0,"7":0,"8":0,"9":0,"10":0,"11":0,"12":0,"13":0,"14":0,"15":0,"16":0,"17":0,"18":0,"19":0,"20":0,"21":0,"22":0,"23":0,"24":0,"25":0,"26":0,"27":0,"28":0,"29":0,"30":0,"31":0,"32":0,"33":0,"34":0,"35":0,"36":0,"37":0,"38":0,"39":0,"40":0,"41":0,"42":0,"43":0,"44":0,"45":0,"46":0,"47":0,"48":0,"49":0,"50":0,"51":0,"52":0,"53":0,"54":0,"55":0,"56":0,"57":0,"58":0,"59":0,"60":0,"61":0,"62":0},"b":{"1":[0,0],"2":[0,0],"3":[0,0],"4":[0,0],"5":[0,0],"6":[0,0],"7":[0,0],"8":[0,0],"9":[0,0],"10":[0,0],"11":[0,0],"12":[0,0]},"f":{"1":0,"2":0,"3":0,"4":0,"5":0,"6":0,"7":0,"8":0,"9":0,"10":0},"fnMap":{"1":{"name":"get","line":7,"loc":{"start":{"line":7,"column":0},"end":{"line":7,"column":27}}},"2":{"name":"(anonymous_2)","line":46,"loc":{"start":{"line":46,"column":23},"end":{"line":46,"column":45}}},"3":{"name":"getById","line":54,"loc":{"start":{"line":54,"column":0},"end":{"line":54,"column":31}}},"4":{"name":"(anonymous_4)","line":61,"loc":{"start":{"line":61,"column":23},"end":{"line":61,"column":45}}},"5":{"name":"add","line":69,"loc":{"start":{"line":69,"column":0},"end":{"line":69,"column":27}}},"6":{"name":"(anonymous_6)","line":88,"loc":{"start":{"line":88,"column":23},"end":{"line":88,"column":45}}},"7":{"name":"edit","line":96,"loc":{"start":{"line":96,"column":0},"end":{"line":96,"column":28}}},"8":{"name":"(anonymous_8)","line":114,"loc":{"start":{"line":114,"column":23},"end":{"line":114,"column":45}}},"9":{"name":"remove","line":122,"loc":{"start":{"line":122,"column":0},"end":{"line":122,"column":30}}},"10":{"name":"(anonymous_10)","line":129,"loc":{"start":{"line":129,"column":23},"end":{"line":129,"column":45}}}},"statementMap":{"1":{"start":{"line":1,"column":0},"end":{"line":1,"column":43}},"2":{"start":{"line":2,"column":0},"end":{"line":2,"column":25}},"3":{"start":{"line":3,"column":0},"end":{"line":3,"column":23}},"4":{"start":{"line":4,"column":0},"end":{"line":4,"column":315}},"5":{"start":{"line":7,"column":0},"end":{"line":52,"column":1}},"6":{"start":{"line":8,"column":4},"end":{"line":8,"column":42}},"7":{"start":{"line":9,"column":4},"end":{"line":12,"column":6}},"8":{"start":{"line":13,"column":4},"end":{"line":17,"column":5}},"9":{"start":{"line":14,"column":8},"end":{"line":16,"column":83}},"10":{"start":{"line":19,"column":4},"end":{"line":31,"column":6}},"11":{"start":{"line":20,"column":8},"end":{"line":30,"column":9}},"12":{"start":{"line":21,"column":12},"end":{"line":24,"column":14}},"13":{"start":{"line":26,"column":12},"end":{"line":29,"column":14}},"14":{"start":{"line":34,"column":4},"end":{"line":38,"column":7}},"15":{"start":{"line":40,"column":4},"end":{"line":45,"column":5}},"16":{"start":{"line":46,"column":4},"end":{"line":51,"column":7}},"17":{"start":{"line":47,"column":8},"end":{"line":49,"column":9}},"18":{"start":{"line":48,"column":12},"end":{"line":48,"column":33}},"19":{"start":{"line":50,"column":8},"end":{"line":50,"column":31}},"20":{"start":{"line":54,"column":0},"end":{"line":67,"column":1}},"21":{"start":{"line":55,"column":4},"end":{"line":60,"column":5}},"22":{"start":{"line":61,"column":4},"end":{"line":66,"column":7}},"23":{"start":{"line":62,"column":8},"end":{"line":64,"column":9}},"24":{"start":{"line":63,"column":12},"end":{"line":63,"column":33}},"25":{"start":{"line":65,"column":8},"end":{"line":65,"column":31}},"26":{"start":{"line":69,"column":0},"end":{"line":94,"column":1}},"27":{"start":{"line":70,"column":4},"end":{"line":70,"column":24}},"28":{"start":{"line":71,"column":4},"end":{"line":71,"column":19}},"29":{"start":{"line":72,"column":4},"end":{"line":72,"column":21}},"30":{"start":{"line":73,"column":4},"end":{"line":73,"column":20}},"31":{"start":{"line":75,"column":4},"end":{"line":81,"column":5}},"32":{"start":{"line":76,"column":2},"end":{"line":80,"column":3}},"33":{"start":{"line":77,"column":3},"end":{"line":77,"column":26}},"34":{"start":{"line":78,"column":3},"end":{"line":78,"column":47}},"35":{"start":{"line":79,"column":3},"end":{"line":79,"column":15}},"36":{"start":{"line":83,"column":4},"end":{"line":87,"column":5}},"37":{"start":{"line":88,"column":4},"end":{"line":93,"column":7}},"38":{"start":{"line":89,"column":8},"end":{"line":91,"column":9}},"39":{"start":{"line":90,"column":12},"end":{"line":90,"column":33}},"40":{"start":{"line":92,"column":8},"end":{"line":92,"column":31}},"41":{"start":{"line":96,"column":0},"end":{"line":120,"column":1}},"42":{"start":{"line":97,"column":4},"end":{"line":97,"column":24}},"43":{"start":{"line":98,"column":4},"end":{"line":98,"column":19}},"44":{"start":{"line":99,"column":4},"end":{"line":99,"column":23}},"45":{"start":{"line":100,"column":4},"end":{"line":100,"column":53}},"46":{"start":{"line":102,"column":4},"end":{"line":107,"column":5}},"47":{"start":{"line":103,"column":2},"end":{"line":106,"column":3}},"48":{"start":{"line":104,"column":3},"end":{"line":104,"column":55}},"49":{"start":{"line":105,"column":3},"end":{"line":105,"column":15}},"50":{"start":{"line":109,"column":4},"end":{"line":113,"column":5}},"51":{"start":{"line":114,"column":4},"end":{"line":119,"column":7}},"52":{"start":{"line":115,"column":8},"end":{"line":117,"column":9}},"53":{"start":{"line":116,"column":12},"end":{"line":116,"column":33}},"54":{"start":{"line":118,"column":8},"end":{"line":118,"column":31}},"55":{"start":{"line":122,"column":0},"end":{"line":135,"column":1}},"56":{"start":{"line":123,"column":4},"end":{"line":123,"column":53}},"57":{"start":{"line":125,"column":4},"end":{"line":128,"column":5}},"58":{"start":{"line":129,"column":4},"end":{"line":134,"column":7}},"59":{"start":{"line":130,"column":8},"end":{"line":132,"column":9}},"60":{"start":{"line":131,"column":12},"end":{"line":131,"column":33}},"61":{"start":{"line":133,"column":8},"end":{"line":133,"column":31}},"62":{"start":{"line":137,"column":0},"end":{"line":143,"column":1}}},"branchMap":{"1":{"line":13,"type":"if","locations":[{"start":{"line":13,"column":4},"end":{"line":13,"column":4}},{"start":{"line":13,"column":4},"end":{"line":13,"column":4}}]},"2":{"line":19,"type":"if","locations":[{"start":{"line":19,"column":4},"end":{"line":19,"column":4}},{"start":{"line":19,"column":4},"end":{"line":19,"column":4}}]},"3":{"line":19,"type":"binary-expr","locations":[{"start":{"line":19,"column":7},"end":{"line":19,"column":24}},{"start":{"line":19,"column":28},"end":{"line":19,"column":51}}]},"4":{"line":20,"type":"if","locations":[{"start":{"line":20,"column":8},"end":{"line":20,"column":8}},{"start":{"line":20,"column":8},"end":{"line":20,"column":8}}]},"5":{"line":20,"type":"binary-expr","locations":[{"start":{"line":20,"column":11},"end":{"line":20,"column":26}},{"start":{"line":20,"column":30},"end":{"line":20,"column":51}}]},"6":{"line":47,"type":"if","locations":[{"start":{"line":47,"column":8},"end":{"line":47,"column":8}},{"start":{"line":47,"column":8},"end":{"line":47,"column":8}}]},"7":{"line":62,"type":"if","locations":[{"start":{"line":62,"column":8},"end":{"line":62,"column":8}},{"start":{"line":62,"column":8},"end":{"line":62,"column":8}}]},"8":{"line":76,"type":"if","locations":[{"start":{"line":76,"column":2},"end":{"line":76,"column":2}},{"start":{"line":76,"column":2},"end":{"line":76,"column":2}}]},"9":{"line":89,"type":"if","locations":[{"start":{"line":89,"column":8},"end":{"line":89,"column":8}},{"start":{"line":89,"column":8},"end":{"line":89,"column":8}}]},"10":{"line":103,"type":"if","locations":[{"start":{"line":103,"column":2},"end":{"line":103,"column":2}},{"start":{"line":103,"column":2},"end":{"line":103,"column":2}}]},"11":{"line":115,"type":"if","locations":[{"start":{"line":115,"column":8},"end":{"line":115,"column":8}},{"start":{"line":115,"column":8},"end":{"line":115,"column":8}}]},"12":{"line":130,"type":"if","locations":[{"start":{"line":130,"column":8},"end":{"line":130,"column":8}},{"start":{"line":130,"column":8},"end":{"line":130,"column":8}}]}}},"/home/ankit/Desktop/backend/src/app/models/student.js":{"path":"/home/ankit/Desktop/backend/src/app/models/student.js","s":{"1":0,"2":0,"3":0,"4":0,"5":0,"6":0,"7":0,"8":0,"9":0,"10":0,"11":0,"12":0,"13":0,"14":0,"15":0,"16":0,"17":0,"18":0,"19":0,"20":0,"21":0,"22":0,"23":0,"24":0,"25":0,"26":0,"27":0,"28":0,"29":0,"30":0,"31":0,"32":0,"33":0,"34":0,"35":0,"36":0,"37":0,"38":0,"39":0,"40":0,"41":0,"42":0,"43":0,"44":0,"45":0,"46":0,"47":0,"48":0,"49":0,"50":0,"51":0,"52":0,"53":0,"54":0,"55":0,"56":0,"57":0,"58":0,"59":0,"60":0,"61":0,"62":0,"63":0},"b":{"1":[0,0],"2":[0,0],"3":[0,0],"4":[0,0],"5":[0,0],"6":[0,0],"7":[0,0],"8":[0,0],"9":[0,0],"10":[0,0],"11":[0,0],"12":[0,0]},"f":{"1":0,"2":0,"3":0,"4":0,"5":0,"6":0,"7":0,"8":0,"9":0,"10":0},"fnMap":{"1":{"name":"get","line":7,"loc":{"start":{"line":7,"column":0},"end":{"line":7,"column":27}}},"2":{"name":"(anonymous_2)","line":46,"loc":{"start":{"line":46,"column":23},"end":{"line":46,"column":45}}},"3":{"name":"getById","line":54,"loc":{"start":{"line":54,"column":0},"end":{"line":54,"column":31}}},"4":{"name":"(anonymous_4)","line":61,"loc":{"start":{"line":61,"column":23},"end":{"line":61,"column":45}}},"5":{"name":"add","line":69,"loc":{"start":{"line":69,"column":0},"end":{"line":69,"column":27}}},"6":{"name":"(anonymous_6)","line":88,"loc":{"start":{"line":88,"column":23},"end":{"line":88,"column":45}}},"7":{"name":"edit","line":96,"loc":{"start":{"line":96,"column":0},"end":{"line":96,"column":28}}},"8":{"name":"(anonymous_8)","line":114,"loc":{"start":{"line":114,"column":23},"end":{"line":114,"column":45}}},"9":{"name":"remove","line":122,"loc":{"start":{"line":122,"column":0},"end":{"line":122,"column":30}}},"10":{"name":"(anonymous_10)","line":129,"loc":{"start":{"line":129,"column":23},"end":{"line":129,"column":45}}}},"statementMap":{"1":{"start":{"line":1,"column":0},"end":{"line":1,"column":43}},"2":{"start":{"line":2,"column":0},"end":{"line":2,"column":24}},"3":{"start":{"line":3,"column":0},"end":{"line":3,"column":22}},"4":{"start":{"line":4,"column":0},"end":{"line":4,"column":156}},"5":{"start":{"line":7,"column":0},"end":{"line":52,"column":1}},"6":{"start":{"line":8,"column":4},"end":{"line":11,"column":5}},"7":{"start":{"line":12,"column":4},"end":{"line":12,"column":24}},"8":{"start":{"line":13,"column":4},"end":{"line":17,"column":5}},"9":{"start":{"line":14,"column":8},"end":{"line":16,"column":77}},"10":{"start":{"line":18,"column":4},"end":{"line":30,"column":5}},"11":{"start":{"line":19,"column":8},"end":{"line":29,"column":9}},"12":{"start":{"line":20,"column":12},"end":{"line":23,"column":13}},"13":{"start":{"line":25,"column":12},"end":{"line":28,"column":13}},"14":{"start":{"line":32,"column":4},"end":{"line":36,"column":7}},"15":{"start":{"line":38,"column":4},"end":{"line":38,"column":40}},"16":{"start":{"line":39,"column":4},"end":{"line":44,"column":6}},"17":{"start":{"line":46,"column":4},"end":{"line":51,"column":7}},"18":{"start":{"line":47,"column":8},"end":{"line":49,"column":9}},"19":{"start":{"line":48,"column":12},"end":{"line":48,"column":33}},"20":{"start":{"line":50,"column":8},"end":{"line":50,"column":31}},"21":{"start":{"line":54,"column":0},"end":{"line":67,"column":1}},"22":{"start":{"line":55,"column":4},"end":{"line":60,"column":5}},"23":{"start":{"line":61,"column":4},"end":{"line":66,"column":7}},"24":{"start":{"line":62,"column":8},"end":{"line":64,"column":9}},"25":{"start":{"line":63,"column":12},"end":{"line":63,"column":33}},"26":{"start":{"line":65,"column":8},"end":{"line":65,"column":31}},"27":{"start":{"line":69,"column":0},"end":{"line":94,"column":1}},"28":{"start":{"line":70,"column":4},"end":{"line":70,"column":24}},"29":{"start":{"line":71,"column":4},"end":{"line":71,"column":19}},"30":{"start":{"line":72,"column":4},"end":{"line":72,"column":21}},"31":{"start":{"line":73,"column":4},"end":{"line":73,"column":20}},"32":{"start":{"line":75,"column":4},"end":{"line":81,"column":5}},"33":{"start":{"line":76,"column":2},"end":{"line":80,"column":3}},"34":{"start":{"line":77,"column":3},"end":{"line":77,"column":26}},"35":{"start":{"line":78,"column":3},"end":{"line":78,"column":47}},"36":{"start":{"line":79,"column":3},"end":{"line":79,"column":15}},"37":{"start":{"line":83,"column":4},"end":{"line":87,"column":5}},"38":{"start":{"line":88,"column":4},"end":{"line":93,"column":7}},"39":{"start":{"line":89,"column":8},"end":{"line":91,"column":9}},"40":{"start":{"line":90,"column":12},"end":{"line":90,"column":33}},"41":{"start":{"line":92,"column":8},"end":{"line":92,"column":31}},"42":{"start":{"line":96,"column":0},"end":{"line":120,"column":1}},"43":{"start":{"line":97,"column":4},"end":{"line":97,"column":24}},"44":{"start":{"line":98,"column":4},"end":{"line":98,"column":19}},"45":{"start":{"line":99,"column":4},"end":{"line":99,"column":23}},"46":{"start":{"line":100,"column":4},"end":{"line":100,"column":53}},"47":{"start":{"line":102,"column":4},"end":{"line":107,"column":5}},"48":{"start":{"line":103,"column":2},"end":{"line":106,"column":3}},"49":{"start":{"line":104,"column":3},"end":{"line":104,"column":55}},"50":{"start":{"line":105,"column":3},"end":{"line":105,"column":15}},"51":{"start":{"line":109,"column":4},"end":{"line":113,"column":5}},"52":{"start":{"line":114,"column":4},"end":{"line":119,"column":7}},"53":{"start":{"line":115,"column":8},"end":{"line":117,"column":9}},"54":{"start":{"line":116,"column":12},"end":{"line":116,"column":33}},"55":{"start":{"line":118,"column":8},"end":{"line":118,"column":31}},"56":{"start":{"line":122,"column":0},"end":{"line":135,"column":1}},"57":{"start":{"line":123,"column":4},"end":{"line":123,"column":53}},"58":{"start":{"line":125,"column":4},"end":{"line":128,"column":5}},"59":{"start":{"line":129,"column":4},"end":{"line":134,"column":7}},"60":{"start":{"line":130,"column":8},"end":{"line":132,"column":9}},"61":{"start":{"line":131,"column":12},"end":{"line":131,"column":33}},"62":{"start":{"line":133,"column":8},"end":{"line":133,"column":31}},"63":{"start":{"line":137,"column":0},"end":{"line":143,"column":1}}},"branchMap":{"1":{"line":13,"type":"if","locations":[{"start":{"line":13,"column":4},"end":{"line":13,"column":4}},{"start":{"line":13,"column":4},"end":{"line":13,"column":4}}]},"2":{"line":18,"type":"if","locations":[{"start":{"line":18,"column":4},"end":{"line":18,"column":4}},{"start":{"line":18,"column":4},"end":{"line":18,"column":4}}]},"3":{"line":18,"type":"binary-expr","locations":[{"start":{"line":18,"column":7},"end":{"line":18,"column":24}},{"start":{"line":18,"column":28},"end":{"line":18,"column":51}}]},"4":{"line":19,"type":"if","locations":[{"start":{"line":19,"column":8},"end":{"line":19,"column":8}},{"start":{"line":19,"column":8},"end":{"line":19,"column":8}}]},"5":{"line":19,"type":"binary-expr","locations":[{"start":{"line":19,"column":11},"end":{"line":19,"column":26}},{"start":{"line":19,"column":30},"end":{"line":19,"column":51}}]},"6":{"line":47,"type":"if","locations":[{"start":{"line":47,"column":8},"end":{"line":47,"column":8}},{"start":{"line":47,"column":8},"end":{"line":47,"column":8}}]},"7":{"line":62,"type":"if","locations":[{"start":{"line":62,"column":8},"end":{"line":62,"column":8}},{"start":{"line":62,"column":8},"end":{"line":62,"column":8}}]},"8":{"line":76,"type":"if","locations":[{"start":{"line":76,"column":2},"end":{"line":76,"column":2}},{"start":{"line":76,"column":2},"end":{"line":76,"column":2}}]},"9":{"line":89,"type":"if","locations":[{"start":{"line":89,"column":8},"end":{"line":89,"column":8}},{"start":{"line":89,"column":8},"end":{"line":89,"column":8}}]},"10":{"line":103,"type":"if","locations":[{"start":{"line":103,"column":2},"end":{"line":103,"column":2}},{"start":{"line":103,"column":2},"end":{"line":103,"column":2}}]},"11":{"line":115,"type":"if","locations":[{"start":{"line":115,"column":8},"end":{"line":115,"column":8}},{"start":{"line":115,"column":8},"end":{"line":115,"column":8}}]},"12":{"line":130,"type":"if","locations":[{"start":{"line":130,"column":8},"end":{"line":130,"column":8}},{"start":{"line":130,"column":8},"end":{"line":130,"column":8}}]}}},"/home/ankit/Desktop/backend/src/app/utilities/responseStructure.js":{"path":"/home/ankit/Desktop/backend/src/app/utilities/responseStructure.js","s":{"1":0,"2":0,"3":0,"4":0,"5":0,"6":0,"7":0,"8":0},"b":{},"f":{"1":0,"2":0,"3":0},"fnMap":{"1":{"name":"errRes","line":10,"loc":{"start":{"line":10,"column":0},"end":{"line":10,"column":21}}},"2":{"name":"successRes","line":14,"loc":{"start":{"line":14,"column":0},"end":{"line":14,"column":24}}},"3":{"name":"successObjRes","line":23,"loc":{"start":{"line":23,"column":0},"end":{"line":23,"column":27}}}},"statementMap":{"1":{"start":{"line":1,"column":0},"end":{"line":8,"column":1}},"2":{"start":{"line":10,"column":0},"end":{"line":12,"column":1}},"3":{"start":{"line":11,"column":4},"end":{"line":11,"column":28}},"4":{"start":{"line":14,"column":0},"end":{"line":21,"column":1}},"5":{"start":{"line":15,"column":4},"end":{"line":20,"column":5}},"6":{"start":{"line":23,"column":0},"end":{"line":28,"column":1}},"7":{"start":{"line":24,"column":4},"end":{"line":27,"column":5}},"8":{"start":{"line":30,"column":0},"end":{"line":35,"column":1}}},"branchMap":{}},"/home/ankit/Desktop/backend/src/app/utilities/sqlMapper.js":{"path":"/home/ankit/Desktop/backend/src/app/utilities/sqlMapper.js","s":{"1":0,"2":0,"3":0,"4":0,"5":0,"6":0,"7":0,"8":0,"9":0,"10":0,"11":0,"12":0,"13":0,"14":0,"15":0,"16":0,"17":0,"18":0,"19":0,"20":0,"21":0,"22":0,"23":0,"24":0,"25":0,"26":0,"27":0,"28":0,"29":0,"30":0,"31":0,"32":0,"33":0,"34":0,"35":0,"36":0,"37":0,"38":0,"39":0,"40":0,"41":0,"42":0,"43":0,"44":0,"45":0,"46":0,"47":0,"48":0,"49":0,"50":0,"51":0,"52":0,"53":0,"54":0,"55":0,"56":0,"57":0,"58":0,"59":0,"60":0,"61":0,"62":0,"63":0,"64":0,"65":0,"66":0,"67":0,"68":0,"69":0,"70":0,"71":0,"72":0,"73":0,"74":0,"75":0,"76":0,"77":0,"78":0,"79":0,"80":0,"81":0,"82":0,"83":0,"84":0,"85":0,"86":0,"87":0,"88":0,"89":0,"90":0,"91":0,"92":0,"93":0,"94":0,"95":0,"96":0,"97":0},"b":{"1":[0,0],"2":[0,0],"3":[0,0],"4":[0,0],"5":[0,0],"6":[0,0],"7":[0,0],"8":[0,0],"9":[0,0],"10":[0,0],"11":[0,0],"12":[0,0],"13":[0,0],"14":[0,0],"15":[0,0],"16":[0,0],"17":[0,0],"18":[0,0],"19":[0,0],"20":[0,0],"21":[0,0],"22":[0,0],"23":[0,0],"24":[0,0],"25":[0,0],"26":[0,0],"27":[0,0]},"f":{"1":0,"2":0,"3":0,"4":0,"5":0,"6":0,"7":0,"8":0,"9":0,"10":0,"11":0,"12":0,"13":0,"14":0,"15":0},"fnMap":{"1":{"name":"executeQuery","line":5,"loc":{"start":{"line":5,"column":0},"end":{"line":5,"column":37}}},"2":{"name":"(anonymous_2)","line":12,"loc":{"start":{"line":12,"column":38},"end":{"line":12,"column":64}}},"3":{"name":"select","line":25,"loc":{"start":{"line":25,"column":0},"end":{"line":25,"column":37}}},"4":{"name":"(anonymous_4)","line":66,"loc":{"start":{"line":66,"column":22},"end":{"line":66,"column":42}}},"5":{"name":"insert","line":75,"loc":{"start":{"line":75,"column":0},"end":{"line":75,"column":37}}},"6":{"name":"(anonymous_6)","line":79,"loc":{"start":{"line":79,"column":22},"end":{"line":79,"column":42}}},"7":{"name":"update","line":88,"loc":{"start":{"line":88,"column":0},"end":{"line":88,"column":37}}},"8":{"name":"(anonymous_8)","line":95,"loc":{"start":{"line":95,"column":22},"end":{"line":95,"column":42}}},"9":{"name":"remove","line":104,"loc":{"start":{"line":104,"column":0},"end":{"line":104,"column":37}}},"10":{"name":"(anonymous_10)","line":111,"loc":{"start":{"line":111,"column":22},"end":{"line":111,"column":42}}},"11":{"name":"insertString","line":120,"loc":{"start":{"line":120,"column":0},"end":{"line":120,"column":33}}},"12":{"name":"updateString","line":131,"loc":{"start":{"line":131,"column":0},"end":{"line":131,"column":38}}},"13":{"name":"query","line":142,"loc":{"start":{"line":142,"column":0},"end":{"line":142,"column":30}}},"14":{"name":"(anonymous_14)","line":143,"loc":{"start":{"line":143,"column":21},"end":{"line":143,"column":41}}},"15":{"name":"escape","line":152,"loc":{"start":{"line":152,"column":0},"end":{"line":152,"column":22}}}},"statementMap":{"1":{"start":{"line":1,"column":0},"end":{"line":1,"column":39}},"2":{"start":{"line":5,"column":0},"end":{"line":22,"column":1}},"3":{"start":{"line":6,"column":4},"end":{"line":21,"column":7}},"4":{"start":{"line":7,"column":8},"end":{"line":20,"column":9}},"5":{"start":{"line":8,"column":12},"end":{"line":8,"column":39}},"6":{"start":{"line":10,"column":12},"end":{"line":10,"column":42}},"7":{"start":{"line":11,"column":12},"end":{"line":19,"column":13}},"8":{"start":{"line":12,"column":16},"end":{"line":18,"column":19}},"9":{"start":{"line":13,"column":20},"end":{"line":13,"column":41}},"10":{"start":{"line":14,"column":20},"end":{"line":16,"column":21}},"11":{"start":{"line":15,"column":24},"end":{"line":15,"column":53}},"12":{"start":{"line":17,"column":20},"end":{"line":17,"column":51}},"13":{"start":{"line":25,"column":0},"end":{"line":72,"column":1}},"14":{"start":{"line":26,"column":4},"end":{"line":26,"column":17}},"15":{"start":{"line":27,"column":4},"end":{"line":27,"column":21}},"16":{"start":{"line":28,"column":4},"end":{"line":28,"column":18}},"17":{"start":{"line":29,"column":4},"end":{"line":29,"column":19}},"18":{"start":{"line":30,"column":4},"end":{"line":30,"column":24}},"19":{"start":{"line":31,"column":4},"end":{"line":31,"column":21}},"20":{"start":{"line":32,"column":4},"end":{"line":32,"column":21}},"21":{"start":{"line":33,"column":4},"end":{"line":33,"column":19}},"22":{"start":{"line":35,"column":4},"end":{"line":35,"column":26}},"23":{"start":{"line":37,"column":4},"end":{"line":37,"column":78}},"24":{"start":{"line":37,"column":24},"end":{"line":37,"column":56}},"25":{"start":{"line":37,"column":62},"end":{"line":37,"column":77}},"26":{"start":{"line":38,"column":4},"end":{"line":38,"column":53}},"27":{"start":{"line":38,"column":21},"end":{"line":38,"column":52}},"28":{"start":{"line":39,"column":4},"end":{"line":43,"column":5}},"29":{"start":{"line":40,"column":8},"end":{"line":42,"column":11}},"30":{"start":{"line":41,"column":12},"end":{"line":41,"column":80}},"31":{"start":{"line":44,"column":4},"end":{"line":44,"column":104}},"32":{"start":{"line":44,"column":27},"end":{"line":44,"column":73}},"33":{"start":{"line":44,"column":79},"end":{"line":44,"column":103}},"34":{"start":{"line":45,"column":4},"end":{"line":45,"column":51}},"35":{"start":{"line":45,"column":24},"end":{"line":45,"column":50}},"36":{"start":{"line":46,"column":4},"end":{"line":49,"column":5}},"37":{"start":{"line":47,"column":8},"end":{"line":47,"column":32}},"38":{"start":{"line":48,"column":8},"end":{"line":48,"column":55}},"39":{"start":{"line":50,"column":4},"end":{"line":57,"column":5}},"40":{"start":{"line":51,"column":8},"end":{"line":56,"column":9}},"41":{"start":{"line":52,"column":12},"end":{"line":52,"column":26}},"42":{"start":{"line":53,"column":12},"end":{"line":53,"column":65}},"43":{"start":{"line":53,"column":36},"end":{"line":53,"column":64}},"44":{"start":{"line":55,"column":12},"end":{"line":55,"column":66}},"45":{"start":{"line":59,"column":4},"end":{"line":62,"column":5}},"46":{"start":{"line":60,"column":8},"end":{"line":60,"column":90}},"47":{"start":{"line":61,"column":8},"end":{"line":61,"column":76}},"48":{"start":{"line":64,"column":4},"end":{"line":64,"column":84}},"49":{"start":{"line":66,"column":4},"end":{"line":71,"column":7}},"50":{"start":{"line":67,"column":8},"end":{"line":69,"column":9}},"51":{"start":{"line":68,"column":12},"end":{"line":68,"column":33}},"52":{"start":{"line":70,"column":8},"end":{"line":70,"column":29}},"53":{"start":{"line":75,"column":0},"end":{"line":85,"column":1}},"54":{"start":{"line":77,"column":4},"end":{"line":77,"column":108}},"55":{"start":{"line":79,"column":4},"end":{"line":84,"column":7}},"56":{"start":{"line":80,"column":8},"end":{"line":82,"column":9}},"57":{"start":{"line":81,"column":12},"end":{"line":81,"column":33}},"58":{"start":{"line":83,"column":8},"end":{"line":83,"column":29}},"59":{"start":{"line":88,"column":0},"end":{"line":101,"column":1}},"60":{"start":{"line":90,"column":4},"end":{"line":90,"column":17}},"61":{"start":{"line":91,"column":4},"end":{"line":93,"column":5}},"62":{"start":{"line":92,"column":8},"end":{"line":92,"column":103}},"63":{"start":{"line":95,"column":4},"end":{"line":100,"column":7}},"64":{"start":{"line":96,"column":8},"end":{"line":98,"column":9}},"65":{"start":{"line":97,"column":12},"end":{"line":97,"column":33}},"66":{"start":{"line":99,"column":8},"end":{"line":99,"column":29}},"67":{"start":{"line":104,"column":0},"end":{"line":117,"column":1}},"68":{"start":{"line":106,"column":4},"end":{"line":106,"column":17}},"69":{"start":{"line":107,"column":4},"end":{"line":109,"column":5}},"70":{"start":{"line":108,"column":8},"end":{"line":108,"column":92}},"71":{"start":{"line":111,"column":4},"end":{"line":116,"column":7}},"72":{"start":{"line":112,"column":8},"end":{"line":114,"column":9}},"73":{"start":{"line":113,"column":12},"end":{"line":113,"column":33}},"74":{"start":{"line":115,"column":8},"end":{"line":115,"column":29}},"75":{"start":{"line":120,"column":0},"end":{"line":128,"column":1}},"76":{"start":{"line":121,"column":4},"end":{"line":121,"column":17}},"77":{"start":{"line":122,"column":4},"end":{"line":126,"column":5}},"78":{"start":{"line":123,"column":8},"end":{"line":123,"column":53}},"79":{"start":{"line":125,"column":8},"end":{"line":125,"column":37}},"80":{"start":{"line":127,"column":4},"end":{"line":127,"column":15}},"81":{"start":{"line":131,"column":0},"end":{"line":139,"column":1}},"82":{"start":{"line":132,"column":4},"end":{"line":132,"column":17}},"83":{"start":{"line":133,"column":4},"end":{"line":137,"column":5}},"84":{"start":{"line":134,"column":8},"end":{"line":134,"column":67}},"85":{"start":{"line":136,"column":8},"end":{"line":136,"column":51}},"86":{"start":{"line":138,"column":4},"end":{"line":138,"column":15}},"87":{"start":{"line":142,"column":0},"end":{"line":149,"column":1}},"88":{"start":{"line":143,"column":4},"end":{"line":148,"column":7}},"89":{"start":{"line":144,"column":8},"end":{"line":146,"column":9}},"90":{"start":{"line":145,"column":12},"end":{"line":145,"column":33}},"91":{"start":{"line":147,"column":8},"end":{"line":147,"column":29}},"92":{"start":{"line":152,"column":0},"end":{"line":159,"column":1}},"93":{"start":{"line":153,"column":4},"end":{"line":153,"column":47}},"94":{"start":{"line":154,"column":4},"end":{"line":158,"column":5}},"95":{"start":{"line":155,"column":8},"end":{"line":155,"column":20}},"96":{"start":{"line":157,"column":8},"end":{"line":157,"column":32}},"97":{"start":{"line":162,"column":0},"end":{"line":171,"column":1}}},"branchMap":{"1":{"line":7,"type":"if","locations":[{"start":{"line":7,"column":8},"end":{"line":7,"column":8}},{"start":{"line":7,"column":8},"end":{"line":7,"column":8}}]},"2":{"line":11,"type":"if","locations":[{"start":{"line":11,"column":12},"end":{"line":11,"column":12}},{"start":{"line":11,"column":12},"end":{"line":11,"column":12}}]},"3":{"line":14,"type":"if","locations":[{"start":{"line":14,"column":20},"end":{"line":14,"column":20}},{"start":{"line":14,"column":20},"end":{"line":14,"column":20}}]},"4":{"line":37,"type":"if","locations":[{"start":{"line":37,"column":4},"end":{"line":37,"column":4}},{"start":{"line":37,"column":4},"end":{"line":37,"column":4}}]},"5":{"line":38,"type":"if","locations":[{"start":{"line":38,"column":4},"end":{"line":38,"column":4}},{"start":{"line":38,"column":4},"end":{"line":38,"column":4}}]},"6":{"line":39,"type":"if","locations":[{"start":{"line":39,"column":4},"end":{"line":39,"column":4}},{"start":{"line":39,"column":4},"end":{"line":39,"column":4}}]},"7":{"line":44,"type":"if","locations":[{"start":{"line":44,"column":4},"end":{"line":44,"column":4}},{"start":{"line":44,"column":4},"end":{"line":44,"column":4}}]},"8":{"line":45,"type":"if","locations":[{"start":{"line":45,"column":4},"end":{"line":45,"column":4}},{"start":{"line":45,"column":4},"end":{"line":45,"column":4}}]},"9":{"line":46,"type":"if","locations":[{"start":{"line":46,"column":4},"end":{"line":46,"column":4}},{"start":{"line":46,"column":4},"end":{"line":46,"column":4}}]},"10":{"line":50,"type":"if","locations":[{"start":{"line":50,"column":4},"end":{"line":50,"column":4}},{"start":{"line":50,"column":4},"end":{"line":50,"column":4}}]},"11":{"line":51,"type":"if","locations":[{"start":{"line":51,"column":8},"end":{"line":51,"column":8}},{"start":{"line":51,"column":8},"end":{"line":51,"column":8}}]},"12":{"line":51,"type":"binary-expr","locations":[{"start":{"line":51,"column":11},"end":{"line":51,"column":30}},{"start":{"line":51,"column":34},"end":{"line":51,"column":57}}]},"13":{"line":53,"type":"if","locations":[{"start":{"line":53,"column":12},"end":{"line":53,"column":12}},{"start":{"line":53,"column":12},"end":{"line":53,"column":12}}]},"14":{"line":59,"type":"if","locations":[{"start":{"line":59,"column":4},"end":{"line":59,"column":4}},{"start":{"line":59,"column":4},"end":{"line":59,"column":4}}]},"15":{"line":67,"type":"if","locations":[{"start":{"line":67,"column":8},"end":{"line":67,"column":8}},{"start":{"line":67,"column":8},"end":{"line":67,"column":8}}]},"16":{"line":80,"type":"if","locations":[{"start":{"line":80,"column":8},"end":{"line":80,"column":8}},{"start":{"line":80,"column":8},"end":{"line":80,"column":8}}]},"17":{"line":91,"type":"if","locations":[{"start":{"line":91,"column":4},"end":{"line":91,"column":4}},{"start":{"line":91,"column":4},"end":{"line":91,"column":4}}]},"18":{"line":91,"type":"binary-expr","locations":[{"start":{"line":91,"column":7},"end":{"line":91,"column":25}},{"start":{"line":91,"column":29},"end":{"line":91,"column":53}}]},"19":{"line":96,"type":"if","locations":[{"start":{"line":96,"column":8},"end":{"line":96,"column":8}},{"start":{"line":96,"column":8},"end":{"line":96,"column":8}}]},"20":{"line":107,"type":"if","locations":[{"start":{"line":107,"column":4},"end":{"line":107,"column":4}},{"start":{"line":107,"column":4},"end":{"line":107,"column":4}}]},"21":{"line":107,"type":"binary-expr","locations":[{"start":{"line":107,"column":7},"end":{"line":107,"column":25}},{"start":{"line":107,"column":29},"end":{"line":107,"column":53}}]},"22":{"line":112,"type":"if","locations":[{"start":{"line":112,"column":8},"end":{"line":112,"column":8}},{"start":{"line":112,"column":8},"end":{"line":112,"column":8}}]},"23":{"line":122,"type":"if","locations":[{"start":{"line":122,"column":4},"end":{"line":122,"column":4}},{"start":{"line":122,"column":4},"end":{"line":122,"column":4}}]},"24":{"line":133,"type":"if","locations":[{"start":{"line":133,"column":4},"end":{"line":133,"column":4}},{"start":{"line":133,"column":4},"end":{"line":133,"column":4}}]},"25":{"line":144,"type":"if","locations":[{"start":{"line":144,"column":8},"end":{"line":144,"column":8}},{"start":{"line":144,"column":8},"end":{"line":144,"column":8}}]},"26":{"line":154,"type":"if","locations":[{"start":{"line":154,"column":4},"end":{"line":154,"column":4}},{"start":{"line":154,"column":4},"end":{"line":154,"column":4}}]},"27":{"line":154,"type":"binary-expr","locations":[{"start":{"line":154,"column":7},"end":{"line":154,"column":31}},{"start":{"line":154,"column":35},"end":{"line":154,"column":61}}]}}},"/home/ankit/Desktop/backend/src/config/mysql.js":{"path":"/home/ankit/Desktop/backend/src/config/mysql.js","s":{"1":0,"2":0,"3":0},"b":{},"f":{},"fnMap":{},"statementMap":{"1":{"start":{"line":1,"column":0},"end":{"line":1,"column":31}},"2":{"start":{"line":3,"column":0},"end":{"line":12,"column":3}},"3":{"start":{"line":14,"column":0},"end":{"line":16,"column":1}}},"branchMap":{}}}