TN:
SF:/home/ankit/Desktop/backend/spec/test_s2ic_getspec.js
FNF:0
FNH:0
LF:0
LH:0
BRF:0
BRH:0
end_of_record
TN:
SF:/home/ankit/Desktop/backend/spec/test_s2ic_putspec.js
FN:5,(anonymous_1)
FN:8,random_required_skills
FN:11,random_posting_type
FN:14,random_business_type
FN:17,random_title
FN:20,random_address
FN:23,random_students
FN:27,random_skills
FN:30,random_qualification
FN:33,random_gpa
FN:36,random_project
FN:39,random_location
FN:42,random_type
FN:45,random_name
FN:48,random_description
FN:95,writedata
FN:100,(anonymous_17)
FN:105,test_student
FN:107,(anonymous_19)
FN:118,(anonymous_20)
FN:135,test_institute
FN:137,(anonymous_22)
FN:148,(anonymous_23)
FN:158,test_enterprise
FN:160,(anonymous_25)
FN:171,(anonymous_26)
FN:181,test_posting
FN:183,(anonymous_28)
FN:194,(anonymous_29)
FNF:29
FNH:29
FNDA:1,(anonymous_1)
FNDA:10,random_required_skills
FNDA:10,random_posting_type
FNDA:10,random_business_type
FNDA:30,random_title
FNDA:40,random_address
FNDA:10,random_students
FNDA:10,random_skills
FNDA:20,random_qualification
FNDA:10,random_gpa
FNDA:10,random_project
FNDA:40,random_location
FNDA:10,random_type
FNDA:20,random_name
FNDA:30,random_description
FNDA:10,writedata
FNDA:10,(anonymous_17)
FNDA:10,test_student
FNDA:10,(anonymous_19)
FNDA:10,(anonymous_20)
FNDA:10,test_institute
FNDA:10,(anonymous_22)
FNDA:10,(anonymous_23)
FNDA:10,test_enterprise
FNDA:10,(anonymous_25)
FNDA:10,(anonymous_26)
FNDA:10,test_posting
FNDA:10,(anonymous_28)
FNDA:10,(anonymous_29)
DA:1,1
DA:2,1
DA:5,1
DA:8,1
DA:9,10
DA:11,1
DA:12,10
DA:14,1
DA:15,10
DA:17,1
DA:18,30
DA:20,1
DA:21,40
DA:23,1
DA:24,10
DA:26,1
DA:27,1
DA:28,10
DA:30,1
DA:31,20
DA:33,1
DA:34,10
DA:36,1
DA:37,10
DA:39,1
DA:40,40
DA:42,1
DA:43,10
DA:45,1
DA:46,20
DA:48,1
DA:49,30
DA:52,1
DA:53,1
DA:54,1
DA:55,1
DA:56,1
DA:57,1
DA:58,1
DA:59,1
DA:60,1
DA:61,1
DA:62,1
DA:63,1
DA:64,1
DA:95,1
DA:96,10
DA:97,10
DA:98,10
DA:100,10
DA:101,10
DA:102,10
DA:105,1
DA:107,10
DA:109,10
DA:118,10
DA:119,10
DA:121,6
DA:122,6
DA:123,6
DA:128,4
DA:129,4
DA:130,4
DA:135,1
DA:137,10
DA:139,10
DA:148,10
DA:149,10
DA:150,0
DA:153,10
DA:154,10
DA:158,1
DA:160,10
DA:162,10
DA:171,10
DA:172,10
DA:173,0
DA:176,10
DA:177,10
DA:181,1
DA:183,10
DA:185,10
DA:194,10
DA:195,10
DA:196,0
DA:199,10
DA:200,10
DA:206,1
DA:207,10
DA:210,10
DA:211,10
DA:213,10
DA:215,10
DA:216,10
DA:217,10
DA:218,10
DA:219,10
DA:220,10
DA:221,10
DA:222,10
DA:223,10
DA:224,10
DA:225,10
DA:226,10
DA:227,10
DA:228,10
DA:231,10
DA:234,10
DA:235,10
DA:236,10
DA:237,10
DA:238,10
DA:239,10
DA:242,10
DA:245,10
DA:247,10
DA:248,10
DA:249,10
DA:250,10
DA:251,10
DA:253,10
DA:256,10
DA:257,10
DA:259,10
DA:261,10
DA:262,10
DA:263,10
DA:264,10
DA:265,10
DA:266,10
DA:267,10
DA:268,10
DA:269,10
DA:270,10
DA:273,10
LF:135
LH:132
BRDA:101,1,0,0
BRDA:101,1,1,10
BRDA:119,2,0,6
BRDA:119,2,1,4
BRDA:149,3,0,0
BRDA:149,3,1,10
BRDA:172,4,0,0
BRDA:172,4,1,10
BRDA:195,5,0,0
BRDA:195,5,1,10
BRF:10
BRH:6
end_of_record
TN:
SF:/home/ankit/Desktop/backend/spec/testspec.js
FNF:0
FNH:0
LF:0
LH:0
BRF:0
BRH:0
end_of_record
TN:
SF:/home/ankit/Desktop/backend/app.js
FN:50,ignoreFavicon
FNF:1
FNH:0
FNDA:0,ignoreFavicon
DA:1,0
DA:2,0
DA:3,0
DA:4,0
DA:5,0
DA:6,0
DA:9,0
DA:10,0
DA:11,0
DA:12,0
DA:13,0
DA:17,0
DA:20,0
DA:23,0
DA:24,0
DA:25,0
DA:41,0
DA:42,0
DA:43,0
DA:44,0
DA:45,0
DA:50,0
DA:51,0
DA:52,0
DA:54,0
DA:57,0
DA:60,0
DA:61,0
DA:62,0
DA:63,0
DA:67,0
DA:68,0
DA:69,0
DA:76,0
LF:34
LH:0
BRDA:51,1,0,0
BRDA:51,1,1,0
BRDA:68,2,0,0
BRDA:68,2,1,0
BRF:4
BRH:0
end_of_record
TN:
SF:/home/ankit/Desktop/backend/index.js
FN:2,random_address
FN:5,random_students
FN:9,random_skills
FN:12,random_qualification
FN:15,random_gpa
FN:18,random_project
FNF:6
FNH:0
FNDA:0,random_address
FNDA:0,random_students
FNDA:0,random_skills
FNDA:0,random_qualification
FNDA:0,random_gpa
FNDA:0,random_project
DA:1,0
DA:2,0
DA:3,0
DA:5,0
DA:6,0
DA:8,0
DA:9,0
DA:10,0
DA:12,0
DA:13,0
DA:15,0
DA:16,0
DA:18,0
DA:19,0
DA:22,0
DA:23,0
DA:24,0
DA:25,0
DA:26,0
DA:59,0
DA:60,0
DA:61,0
DA:62,0
DA:64,0
DA:65,0
DA:66,0
DA:67,0
DA:68,0
DA:69,0
DA:70,0
DA:71,0
DA:72,0
LF:32
LH:0
BRF:0
BRH:0
end_of_record
TN:
SF:/home/ankit/Desktop/backend/server.js
FNF:0
FNH:0
DA:1,0
DA:2,0
DA:4,0
DA:6,0
DA:8,0
LF:5
LH:0
BRDA:4,1,0,0
BRDA:4,1,1,0
BRF:2
BRH:0
end_of_record
TN:
SF:/home/ankit/Desktop/backend/src/api-routing.js
FNF:0
FNH:0
DA:1,0
DA:2,0
DA:4,0
LF:3
LH:0
BRF:0
BRH:0
end_of_record
TN:
SF:/home/ankit/Desktop/backend/src/app/controllers/enterpriseController.js
FN:8,(anonymous_1)
FN:18,(anonymous_2)
FN:28,(anonymous_3)
FN:38,(anonymous_4)
FN:49,(anonymous_5)
FNF:5
FNH:0
FNDA:0,(anonymous_1)
FNDA:0,(anonymous_2)
FNDA:0,(anonymous_3)
FNDA:0,(anonymous_4)
FNDA:0,(anonymous_5)
DA:1,0
DA:2,0
DA:3,0
DA:4,0
DA:7,0
DA:8,0
DA:9,0
DA:10,0
DA:12,0
DA:17,0
DA:18,0
DA:19,0
DA:20,0
DA:22,0
DA:27,0
DA:28,0
DA:29,0
DA:30,0
DA:32,0
DA:37,0
DA:38,0
DA:39,0
DA:40,0
DA:42,0
DA:48,0
DA:49,0
DA:50,0
DA:51,0
DA:53,0
DA:58,0
LF:30
LH:0
BRDA:9,1,0,0
BRDA:9,1,1,0
BRDA:19,2,0,0
BRDA:19,2,1,0
BRDA:29,3,0,0
BRDA:29,3,1,0
BRDA:39,4,0,0
BRDA:39,4,1,0
BRDA:50,5,0,0
BRDA:50,5,1,0
BRF:10
BRH:0
end_of_record
TN:
SF:/home/ankit/Desktop/backend/src/app/controllers/instituteController.js
FN:7,(anonymous_1)
FN:17,(anonymous_2)
FN:26,(anonymous_3)
FN:35,(anonymous_4)
FN:44,(anonymous_5)
FNF:5
FNH:0
FNDA:0,(anonymous_1)
FNDA:0,(anonymous_2)
FNDA:0,(anonymous_3)
FNDA:0,(anonymous_4)
FNDA:0,(anonymous_5)
DA:1,0
DA:2,0
DA:3,0
DA:4,0
DA:6,0
DA:7,0
DA:8,0
DA:9,0
DA:11,0
DA:16,0
DA:17,0
DA:18,0
DA:19,0
DA:21,0
DA:25,0
DA:26,0
DA:27,0
DA:28,0
DA:30,0
DA:34,0
DA:35,0
DA:36,0
DA:37,0
DA:39,0
DA:43,0
DA:44,0
DA:45,0
DA:46,0
DA:48,0
DA:51,0
LF:30
LH:0
BRDA:8,1,0,0
BRDA:8,1,1,0
BRDA:18,2,0,0
BRDA:18,2,1,0
BRDA:27,3,0,0
BRDA:27,3,1,0
BRDA:36,4,0,0
BRDA:36,4,1,0
BRDA:45,5,0,0
BRDA:45,5,1,0
BRF:10
BRH:0
end_of_record
TN:
SF:/home/ankit/Desktop/backend/src/app/controllers/postingController.js
FN:7,(anonymous_1)
FN:17,(anonymous_2)
FN:26,(anonymous_3)
FN:35,(anonymous_4)
FN:45,(anonymous_5)
FNF:5
FNH:0
FNDA:0,(anonymous_1)
FNDA:0,(anonymous_2)
FNDA:0,(anonymous_3)
FNDA:0,(anonymous_4)
FNDA:0,(anonymous_5)
DA:1,0
DA:2,0
DA:3,0
DA:4,0
DA:6,0
DA:7,0
DA:8,0
DA:9,0
DA:11,0
DA:16,0
DA:17,0
DA:18,0
DA:19,0
DA:21,0
DA:25,0
DA:26,0
DA:27,0
DA:28,0
DA:30,0
DA:34,0
DA:35,0
DA:36,0
DA:37,0
DA:39,0
DA:43,0
DA:45,0
DA:46,0
DA:47,0
DA:49,0
DA:54,0
LF:30
LH:0
BRDA:8,1,0,0
BRDA:8,1,1,0
BRDA:18,2,0,0
BRDA:18,2,1,0
BRDA:27,3,0,0
BRDA:27,3,1,0
BRDA:36,4,0,0
BRDA:36,4,1,0
BRDA:46,5,0,0
BRDA:46,5,1,0
BRF:10
BRH:0
end_of_record
TN:
SF:/home/ankit/Desktop/backend/src/app/controllers/studentController.js
FN:7,(anonymous_1)
FN:17,(anonymous_2)
FN:26,(anonymous_3)
FN:35,(anonymous_4)
FN:44,(anonymous_5)
FNF:5
FNH:0
FNDA:0,(anonymous_1)
FNDA:0,(anonymous_2)
FNDA:0,(anonymous_3)
FNDA:0,(anonymous_4)
FNDA:0,(anonymous_5)
DA:1,0
DA:2,0
DA:3,0
DA:4,0
DA:6,0
DA:7,0
DA:8,0
DA:9,0
DA:11,0
DA:16,0
DA:17,0
DA:18,0
DA:19,0
DA:21,0
DA:25,0
DA:26,0
DA:27,0
DA:28,0
DA:30,0
DA:34,0
DA:35,0
DA:36,0
DA:37,0
DA:39,0
DA:43,0
DA:44,0
DA:45,0
DA:46,0
DA:48,0
DA:53,0
LF:30
LH:0
BRDA:8,1,0,0
BRDA:8,1,1,0
BRDA:18,2,0,0
BRDA:18,2,1,0
BRDA:27,3,0,0
BRDA:27,3,1,0
BRDA:36,4,0,0
BRDA:36,4,1,0
BRDA:45,5,0,0
BRDA:45,5,1,0
BRF:10
BRH:0
end_of_record
TN:
SF:/home/ankit/Desktop/backend/src/app/controllers/upload.js
FN:6,(anonymous_1)
FN:9,(anonymous_2)
FNF:2
FNH:0
FNDA:0,(anonymous_1)
FNDA:0,(anonymous_2)
DA:1,0
DA:2,0
DA:3,0
DA:5,0
DA:7,0
DA:11,0
DA:15,0
DA:16,0
DA:18,0
DA:21,0
DA:25,0
DA:33,0
DA:34,0
DA:35,0
DA:41,0
LF:15
LH:0
BRDA:16,1,0,0
BRDA:16,1,1,0
BRF:2
BRH:0
end_of_record
TN:
SF:/home/ankit/Desktop/backend/src/app/controllers/users.js
FNF:0
FNH:0
DA:1,0
DA:2,0
DA:4,0
DA:6,0
DA:12,0
DA:13,0
DA:14,0
DA:15,0
DA:21,0
DA:22,0
DA:27,0
DA:33,0
DA:34,0
DA:35,0
DA:36,0
DA:42,0
DA:43,0
DA:44,0
DA:45,0
DA:52,0
LF:20
LH:0
BRDA:14,1,0,0
BRDA:14,1,1,0
BRDA:35,2,0,0
BRDA:35,2,1,0
BRDA:44,3,0,0
BRDA:44,3,1,0
BRF:6
BRH:0
end_of_record
TN:
SF:/home/ankit/Desktop/backend/src/app/healper.js
FNF:0
FNH:0
LF:0
LH:0
BRF:0
BRH:0
end_of_record
TN:
SF:/home/ankit/Desktop/backend/src/app/models/enterprise.js
FN:8,get
FN:36,(anonymous_2)
FN:45,getById
FN:51,(anonymous_4)
FN:61,add
FN:80,(anonymous_6)
FN:90,edit
FN:108,(anonymous_8)
FN:117,remove
FN:124,(anonymous_10)
FNF:10
FNH:0
FNDA:0,get
FNDA:0,(anonymous_2)
FNDA:0,getById
FNDA:0,(anonymous_4)
FNDA:0,add
FNDA:0,(anonymous_6)
FNDA:0,edit
FNDA:0,(anonymous_8)
FNDA:0,remove
FNDA:0,(anonymous_10)
DA:1,0
DA:2,0
DA:3,0
DA:4,0
DA:8,0
DA:9,0
DA:13,0
DA:14,0
DA:15,0
DA:17,0
DA:18,0
DA:19,0
DA:24,0
DA:31,0
DA:36,0
DA:37,0
DA:38,0
DA:40,0
DA:45,0
DA:46,0
DA:51,0
DA:52,0
DA:53,0
DA:55,0
DA:61,0
DA:62,0
DA:63,0
DA:64,0
DA:65,0
DA:67,0
DA:68,0
DA:69,0
DA:70,0
DA:71,0
DA:75,0
DA:80,0
DA:81,0
DA:82,0
DA:84,0
DA:90,0
DA:91,0
DA:92,0
DA:93,0
DA:94,0
DA:96,0
DA:97,0
DA:98,0
DA:99,0
DA:103,0
DA:108,0
DA:109,0
DA:110,0
DA:112,0
DA:117,0
DA:118,0
DA:120,0
DA:124,0
DA:125,0
DA:126,0
DA:128,0
DA:132,0
LF:61
LH:0
BRDA:14,1,0,0
BRDA:14,1,1,0
BRDA:17,2,0,0
BRDA:17,2,1,0
BRDA:17,3,0,0
BRDA:17,3,1,0
BRDA:18,4,0,0
BRDA:18,4,1,0
BRDA:18,5,0,0
BRDA:18,5,1,0
BRDA:37,6,0,0
BRDA:37,6,1,0
BRDA:52,7,0,0
BRDA:52,7,1,0
BRDA:68,8,0,0
BRDA:68,8,1,0
BRDA:81,9,0,0
BRDA:81,9,1,0
BRDA:97,10,0,0
BRDA:97,10,1,0
BRDA:109,11,0,0
BRDA:109,11,1,0
BRDA:125,12,0,0
BRDA:125,12,1,0
BRF:24
BRH:0
end_of_record
TN:
SF:/home/ankit/Desktop/backend/src/app/models/institute.js
FN:7,get
FN:37,(anonymous_2)
FN:45,getById
FN:52,(anonymous_4)
FN:60,add
FN:79,(anonymous_6)
FN:87,edit
FN:105,(anonymous_8)
FN:113,remove
FN:120,(anonymous_10)
FNF:10
FNH:0
FNDA:0,get
FNDA:0,(anonymous_2)
FNDA:0,getById
FNDA:0,(anonymous_4)
FNDA:0,add
FNDA:0,(anonymous_6)
FNDA:0,edit
FNDA:0,(anonymous_8)
FNDA:0,remove
FNDA:0,(anonymous_10)
DA:1,0
DA:2,0
DA:3,0
DA:4,0
DA:7,0
DA:8,0
DA:12,0
DA:13,0
DA:14,0
DA:18,0
DA:19,0
DA:20,0
DA:25,0
DA:31,0
DA:37,0
DA:38,0
DA:39,0
DA:41,0
DA:45,0
DA:46,0
DA:52,0
DA:53,0
DA:54,0
DA:56,0
DA:60,0
DA:61,0
DA:62,0
DA:63,0
DA:64,0
DA:66,0
DA:67,0
DA:68,0
DA:69,0
DA:70,0
DA:74,0
DA:79,0
DA:80,0
DA:81,0
DA:83,0
DA:87,0
DA:88,0
DA:89,0
DA:90,0
DA:91,0
DA:93,0
DA:94,0
DA:95,0
DA:96,0
DA:100,0
DA:105,0
DA:106,0
DA:107,0
DA:109,0
DA:113,0
DA:114,0
DA:116,0
DA:120,0
DA:121,0
DA:122,0
DA:124,0
DA:128,0
LF:61
LH:0
BRDA:13,1,0,0
BRDA:13,1,1,0
BRDA:18,2,0,0
BRDA:18,2,1,0
BRDA:18,3,0,0
BRDA:18,3,1,0
BRDA:19,4,0,0
BRDA:19,4,1,0
BRDA:19,5,0,0
BRDA:19,5,1,0
BRDA:38,6,0,0
BRDA:38,6,1,0
BRDA:53,7,0,0
BRDA:53,7,1,0
BRDA:67,8,0,0
BRDA:67,8,1,0
BRDA:80,9,0,0
BRDA:80,9,1,0
BRDA:94,10,0,0
BRDA:94,10,1,0
BRDA:106,11,0,0
BRDA:106,11,1,0
BRDA:121,12,0,0
BRDA:121,12,1,0
BRF:24
BRH:0
end_of_record
TN:
SF:/home/ankit/Desktop/backend/src/app/models/posting.js
FN:7,get
FN:46,(anonymous_2)
FN:54,getById
FN:61,(anonymous_4)
FN:69,add
FN:88,(anonymous_6)
FN:96,edit
FN:114,(anonymous_8)
FN:122,remove
FN:129,(anonymous_10)
FNF:10
FNH:0
FNDA:0,get
FNDA:0,(anonymous_2)
FNDA:0,getById
FNDA:0,(anonymous_4)
FNDA:0,add
FNDA:0,(anonymous_6)
FNDA:0,edit
FNDA:0,(anonymous_8)
FNDA:0,remove
FNDA:0,(anonymous_10)
DA:1,0
DA:2,0
DA:3,0
DA:4,0
DA:7,0
DA:8,0
DA:9,0
DA:13,0
DA:14,0
DA:19,0
DA:20,0
DA:21,0
DA:26,0
DA:34,0
DA:40,0
DA:46,0
DA:47,0
DA:48,0
DA:50,0
DA:54,0
DA:55,0
DA:61,0
DA:62,0
DA:63,0
DA:65,0
DA:69,0
DA:70,0
DA:71,0
DA:72,0
DA:73,0
DA:75,0
DA:76,0
DA:77,0
DA:78,0
DA:79,0
DA:83,0
DA:88,0
DA:89,0
DA:90,0
DA:92,0
DA:96,0
DA:97,0
DA:98,0
DA:99,0
DA:100,0
DA:102,0
DA:103,0
DA:104,0
DA:105,0
DA:109,0
DA:114,0
DA:115,0
DA:116,0
DA:118,0
DA:122,0
DA:123,0
DA:125,0
DA:129,0
DA:130,0
DA:131,0
DA:133,0
DA:137,0
LF:62
LH:0
BRDA:13,1,0,0
BRDA:13,1,1,0
BRDA:19,2,0,0
BRDA:19,2,1,0
BRDA:19,3,0,0
BRDA:19,3,1,0
BRDA:20,4,0,0
BRDA:20,4,1,0
BRDA:20,5,0,0
BRDA:20,5,1,0
BRDA:47,6,0,0
BRDA:47,6,1,0
BRDA:62,7,0,0
BRDA:62,7,1,0
BRDA:76,8,0,0
BRDA:76,8,1,0
BRDA:89,9,0,0
BRDA:89,9,1,0
BRDA:103,10,0,0
BRDA:103,10,1,0
BRDA:115,11,0,0
BRDA:115,11,1,0
BRDA:130,12,0,0
BRDA:130,12,1,0
BRF:24
BRH:0
end_of_record
TN:
SF:/home/ankit/Desktop/backend/src/app/models/student.js
FN:7,get
FN:46,(anonymous_2)
FN:54,getById
FN:61,(anonymous_4)
FN:69,add
FN:88,(anonymous_6)
FN:96,edit
FN:114,(anonymous_8)
FN:122,remove
FN:129,(anonymous_10)
FNF:10
FNH:0
FNDA:0,get
FNDA:0,(anonymous_2)
FNDA:0,getById
FNDA:0,(anonymous_4)
FNDA:0,add
FNDA:0,(anonymous_6)
FNDA:0,edit
FNDA:0,(anonymous_8)
FNDA:0,remove
FNDA:0,(anonymous_10)
DA:1,0
DA:2,0
DA:3,0
DA:4,0
DA:7,0
DA:8,0
DA:12,0
DA:13,0
DA:14,0
DA:18,0
DA:19,0
DA:20,0
DA:25,0
DA:32,0
DA:38,0
DA:39,0
DA:46,0
DA:47,0
DA:48,0
DA:50,0
DA:54,0
DA:55,0
DA:61,0
DA:62,0
DA:63,0
DA:65,0
DA:69,0
DA:70,0
DA:71,0
DA:72,0
DA:73,0
DA:75,0
DA:76,0
DA:77,0
DA:78,0
DA:79,0
DA:83,0
DA:88,0
DA:89,0
DA:90,0
DA:92,0
DA:96,0
DA:97,0
DA:98,0
DA:99,0
DA:100,0
DA:102,0
DA:103,0
DA:104,0
DA:105,0
DA:109,0
DA:114,0
DA:115,0
DA:116,0
DA:118,0
DA:122,0
DA:123,0
DA:125,0
DA:129,0
DA:130,0
DA:131,0
DA:133,0
DA:137,0
LF:63
LH:0
BRDA:13,1,0,0
BRDA:13,1,1,0
BRDA:18,2,0,0
BRDA:18,2,1,0
BRDA:18,3,0,0
BRDA:18,3,1,0
BRDA:19,4,0,0
BRDA:19,4,1,0
BRDA:19,5,0,0
BRDA:19,5,1,0
BRDA:47,6,0,0
BRDA:47,6,1,0
BRDA:62,7,0,0
BRDA:62,7,1,0
BRDA:76,8,0,0
BRDA:76,8,1,0
BRDA:89,9,0,0
BRDA:89,9,1,0
BRDA:103,10,0,0
BRDA:103,10,1,0
BRDA:115,11,0,0
BRDA:115,11,1,0
BRDA:130,12,0,0
BRDA:130,12,1,0
BRF:24
BRH:0
end_of_record
TN:
SF:/home/ankit/Desktop/backend/src/app/utilities/responseStructure.js
FN:10,errRes
FN:14,successRes
FN:23,successObjRes
FNF:3
FNH:0
FNDA:0,errRes
FNDA:0,successRes
FNDA:0,successObjRes
DA:1,0
DA:10,0
DA:11,0
DA:14,0
DA:15,0
DA:23,0
DA:24,0
DA:30,0
LF:8
LH:0
BRF:0
BRH:0
end_of_record
TN:
SF:/home/ankit/Desktop/backend/src/app/utilities/sqlMapper.js
FN:5,executeQuery
FN:12,(anonymous_2)
FN:25,select
FN:66,(anonymous_4)
FN:75,insert
FN:79,(anonymous_6)
FN:88,update
FN:95,(anonymous_8)
FN:104,remove
FN:111,(anonymous_10)
FN:120,insertString
FN:131,updateString
FN:142,query
FN:143,(anonymous_14)
FN:152,escape
FNF:15
FNH:0
FNDA:0,executeQuery
FNDA:0,(anonymous_2)
FNDA:0,select
FNDA:0,(anonymous_4)
FNDA:0,insert
FNDA:0,(anonymous_6)
FNDA:0,update
FNDA:0,(anonymous_8)
FNDA:0,remove
FNDA:0,(anonymous_10)
FNDA:0,insertString
FNDA:0,updateString
FNDA:0,query
FNDA:0,(anonymous_14)
FNDA:0,escape
DA:1,0
DA:5,0
DA:6,0
DA:7,0
DA:8,0
DA:10,0
DA:11,0
DA:12,0
DA:13,0
DA:14,0
DA:15,0
DA:17,0
DA:25,0
DA:26,0
DA:27,0
DA:28,0
DA:29,0
DA:30,0
DA:31,0
DA:32,0
DA:33,0
DA:35,0
DA:37,0
DA:38,0
DA:39,0
DA:40,0
DA:41,0
DA:44,0
DA:45,0
DA:46,0
DA:47,0
DA:48,0
DA:50,0
DA:51,0
DA:52,0
DA:53,0
DA:55,0
DA:59,0
DA:60,0
DA:61,0
DA:64,0
DA:66,0
DA:67,0
DA:68,0
DA:70,0
DA:75,0
DA:77,0
DA:79,0
DA:80,0
DA:81,0
DA:83,0
DA:88,0
DA:90,0
DA:91,0
DA:92,0
DA:95,0
DA:96,0
DA:97,0
DA:99,0
DA:104,0
DA:106,0
DA:107,0
DA:108,0
DA:111,0
DA:112,0
DA:113,0
DA:115,0
DA:120,0
DA:121,0
DA:122,0
DA:123,0
DA:125,0
DA:127,0
DA:131,0
DA:132,0
DA:133,0
DA:134,0
DA:136,0
DA:138,0
DA:142,0
DA:143,0
DA:144,0
DA:145,0
DA:147,0
DA:152,0
DA:153,0
DA:154,0
DA:155,0
DA:157,0
DA:162,0
LF:90
LH:0
BRDA:7,1,0,0
BRDA:7,1,1,0
BRDA:11,2,0,0
BRDA:11,2,1,0
BRDA:14,3,0,0
BRDA:14,3,1,0
BRDA:37,4,0,0
BRDA:37,4,1,0
BRDA:38,5,0,0
BRDA:38,5,1,0
BRDA:39,6,0,0
BRDA:39,6,1,0
BRDA:44,7,0,0
BRDA:44,7,1,0
BRDA:45,8,0,0
BRDA:45,8,1,0
BRDA:46,9,0,0
BRDA:46,9,1,0
BRDA:50,10,0,0
BRDA:50,10,1,0
BRDA:51,11,0,0
BRDA:51,11,1,0
BRDA:51,12,0,0
BRDA:51,12,1,0
BRDA:53,13,0,0
BRDA:53,13,1,0
BRDA:59,14,0,0
BRDA:59,14,1,0
BRDA:67,15,0,0
BRDA:67,15,1,0
BRDA:80,16,0,0
BRDA:80,16,1,0
BRDA:91,17,0,0
BRDA:91,17,1,0
BRDA:91,18,0,0
BRDA:91,18,1,0
BRDA:96,19,0,0
BRDA:96,19,1,0
BRDA:107,20,0,0
BRDA:107,20,1,0
BRDA:107,21,0,0
BRDA:107,21,1,0
BRDA:112,22,0,0
BRDA:112,22,1,0
BRDA:122,23,0,0
BRDA:122,23,1,0
BRDA:133,24,0,0
BRDA:133,24,1,0
BRDA:144,25,0,0
BRDA:144,25,1,0
BRDA:154,26,0,0
BRDA:154,26,1,0
BRDA:154,27,0,0
BRDA:154,27,1,0
BRF:54
BRH:0
end_of_record
TN:
SF:/home/ankit/Desktop/backend/src/config/mysql.js
FNF:0
FNH:0
DA:1,0
DA:3,0
DA:14,0
LF:3
LH:0
BRF:0
BRH:0
end_of_record
